2025-04-28 00:00:27.342880 - "GET / HTTP/1.1" 200 -
2025-04-28 00:00:27.345849 - GET /
2025-04-28 00:00:27.385856 - "GET /static/styles.css HTTP/1.1" 200 -
2025-04-28 00:00:27.387859 - GET /static/styles.css
2025-04-28 00:00:27.604157 - "GET /static/image.png HTTP/1.1" 404 -
2025-04-28 00:00:27.606160 - GET /static/image.png
2025-04-28 00:00:27.731814 - "GET /static/script.js HTTP/1.1" 200 -
2025-04-28 00:00:27.734835 - GET /static/script.js
2025-04-28 00:00:37.291625 - POST /submit - Form Data Received: {'name': ['Aniqa Azhar']}
2025-04-28 00:00:37.293641 - "POST /submit HTTP/1.1" 200 -
2025-04-28 00:01:36.403949 - "GET /image.png HTTP/1.1" 404 -
2025-04-28 00:01:36.405952 - 404 Not Found: /image.png
2025-04-29 00:27:44.612385 - "GET / HTTP/1.1" 200 -
2025-04-29 00:27:44.616394 - GET /
2025-04-29 00:27:44.704385 - "GET /static/styles.css HTTP/1.1" 200 -
2025-04-29 00:27:44.707386 - GET /static/styles.css
2025-04-29 00:27:44.887396 - "GET /static/image.png HTTP/1.1" 404 -
2025-04-29 00:27:44.889390 - GET /static/image.png
2025-04-29 00:27:45.098389 - "GET /static/script.js HTTP/1.1" 200 -
2025-04-29 00:27:45.101404 - GET /static/script.js
2025-04-29 00:27:48.048833 - "GET /favicon.ico HTTP/1.1" 404 -
2025-04-29 00:27:48.050834 - 404 Not Found: /favicon.ico
2025-04-29 00:27:52.305665 - POST /submit - Form Data Received: {'name': ['apples']}
2025-04-29 00:27:52.309674 - "POST /submit HTTP/1.1" 200 -
2025-04-29 00:28:29.897012 - "GET /fetch?url=https://instagram.com HTTP/1.1" 200 -
2025-04-29 00:28:29.899015 - Fetched external URL: https://instagram.com
2025-04-29 00:28:30.062014 - "POST /ajax/qm/?__a=1&__user=0&__comet_req=7&jazoest=2892 HTTP/1.1" 404 -
2025-04-29 00:28:30.064020 - 404 Not Found (POST): /ajax/qm/
2025-04-29 00:28:31.099790 - "POST /ajax/bz?__a=1&__ccg=GOOD&__comet_req=7&__crn=comet.igweb.PolarisHomeRoute&__d=www&__hs=20206.HYP%3Ainstagram_web_pkg.2.1...0&__hsi=7498448150216614796&__req=2&__rev=1022292862&__s=5woqe6%3Akh03xw%3Aodj62j&__spin_b=trunk&__spin_r=1022292862&__spin_t=1745868508&__user=0&dpr=1&jazoest=2892&lsd=AVp5OMcE1Tw&ph=C3 HTTP/1.1" 404 -
2025-04-29 00:28:31.101779 - 404 Not Found (POST): /ajax/bz
2025-04-29 00:28:31.105779 - "POST /ajax/bz?__a=1&__ccg=GOOD&__comet_req=7&__crn=comet.igweb.PolarisHomeRoute&__d=www&__hs=20206.HYP%3Ainstagram_web_pkg.2.1...0&__hsi=7498448150216614796&__req=1&__rev=1022292862&__s=5woqe6%3Akh03xw%3Aodj62j&__spin_b=trunk&__spin_r=1022292862&__spin_t=1745868508&__user=0&dpr=1&jazoest=2892&lsd=AVp5OMcE1Tw&ph=C3 HTTP/1.1" 404 -
2025-04-29 00:28:31.107782 - 404 Not Found (POST): /ajax/bz
2025-04-29 00:28:31.292788 - "POST /api/graphql HTTP/1.1" 404 -
2025-04-29 00:28:31.293786 - 404 Not Found (POST): /api/graphql
2025-04-29 00:28:31.329790 - "POST /api/graphql HTTP/1.1" 404 -
2025-04-29 00:28:31.331786 - 404 Not Found (POST): /api/graphql
2025-04-29 00:28:31.336777 - "GET /data/manifest.json HTTP/1.1" 404 -
2025-04-29 00:28:31.338779 - 404 Not Found: /data/manifest.json
2025-04-29 00:28:31.356775 - "GET /images/instagram/xig/homepage/screenshots_v3/instagram-web-lox-image.png HTTP/1.1" 404 -
2025-04-29 00:28:31.359787 - 404 Not Found: /images/instagram/xig/homepage/screenshots_v3/instagram-web-lox-image.png
2025-04-29 00:28:31.611793 - "POST /ajax/bulk-route-definitions/ HTTP/1.1" 404 -
2025-04-29 00:28:31.613781 - 404 Not Found (POST): /ajax/bulk-route-definitions/
2025-04-29 00:28:31.931409 - "POST /ajax/bulk-route-definitions/ HTTP/1.1" 404 -
2025-04-29 00:28:31.933404 - 404 Not Found (POST): /ajax/bulk-route-definitions/
2025-04-29 00:28:31.968007 - "POST /ajax/bz?__a=1&__ccg=GOOD&__comet_req=7&__crn=comet.igweb.PolarisHomeRoute&__d=www&__hs=20206.HYP%3Ainstagram_web_pkg.2.1...0&__hsi=7498448150216614796&__req=7&__rev=1022292862&__s=5woqe6%3Akh03xw%3Aodj62j&__spin_b=trunk&__spin_r=1022292862&__spin_t=1745868508&__user=0&dpr=1&jazoest=2892&lsd=AVp5OMcE1Tw&ph=C3 HTTP/1.1" 404 -
2025-04-29 00:28:31.969998 - 404 Not Found (POST): /ajax/bz
2025-04-29 00:28:32.041273 - "POST /api/graphql HTTP/1.1" 404 -
2025-04-29 00:28:32.043272 - 404 Not Found (POST): /api/graphql
2025-04-29 00:28:32.120263 - "POST /ajax/bz?__a=1&__ccg=GOOD&__comet_req=7&__crn=comet.igweb.PolarisHomeRoute&__d=www&__hs=20206.HYP%3Ainstagram_web_pkg.2.1...0&__hsi=7498448150216614796&__req=9&__rev=1022292862&__s=5woqe6%3Akh03xw%3Aodj62j&__spin_b=trunk&__spin_r=1022292862&__spin_t=1745868508&__user=0&dpr=1&jazoest=2892&lsd=AVp5OMcE1Tw&ph=C3 HTTP/1.1" 404 -
2025-04-29 00:28:32.122269 - 404 Not Found (POST): /ajax/bz
2025-04-29 00:28:32.128271 - "POST /ajax/bulk-route-definitions/ HTTP/1.1" 404 -
2025-04-29 00:28:32.130271 - 404 Not Found (POST): /ajax/bulk-route-definitions/
2025-04-29 00:28:34.947815 - "POST /ajax/bulk-route-definitions/ HTTP/1.1" 404 -
2025-04-29 00:28:34.949824 - 404 Not Found (POST): /ajax/bulk-route-definitions/
2025-04-29 00:28:35.214212 - "POST /ajax/bulk-route-definitions/ HTTP/1.1" 404 -
2025-04-29 00:28:35.215213 - 404 Not Found (POST): /ajax/bulk-route-definitions/
2025-04-29 00:28:35.291487 - "POST /ajax/bulk-route-definitions/ HTTP/1.1" 404 -
2025-04-29 00:28:35.293468 - 404 Not Found (POST): /ajax/bulk-route-definitions/
2025-04-29 00:28:37.958676 - "POST /ajax/bulk-route-definitions/ HTTP/1.1" 404 -
2025-04-29 00:28:37.961686 - 404 Not Found (POST): /ajax/bulk-route-definitions/
2025-04-29 00:28:38.325691 - "POST /ajax/bulk-route-definitions/ HTTP/1.1" 404 -
2025-04-29 00:28:38.327746 - 404 Not Found (POST): /ajax/bulk-route-definitions/
2025-04-29 00:28:38.530783 - "POST /ajax/bulk-route-definitions/ HTTP/1.1" 404 -
2025-04-29 00:28:38.532790 - 404 Not Found (POST): /ajax/bulk-route-definitions/
2025-04-29 00:28:38.593516 - "GET /data/manifest.json HTTP/1.1" 404 -
2025-04-29 00:28:38.595484 - 404 Not Found: /data/manifest.json
2025-04-29 00:28:55.122715 - "POST /ajax/bz?__a=1&__ccg=GOOD&__comet_req=7&__crn=comet.igweb.PolarisHomeRoute&__d=www&__hs=20206.HYP%3Ainstagram_web_pkg.2.1...0&__hsi=7498448150216614796&__req=i&__rev=1022292862&__s=5woqe6%3Akh03xw%3Aodj62j&__spin_b=trunk&__spin_r=1022292862&__spin_t=1745868508&__user=0&dpr=1&jazoest=2892&lsd=AVp5OMcE1Tw&ph=C3 HTTP/1.1" 404 -
2025-04-29 00:28:55.124730 - 404 Not Found (POST): /ajax/bz
2025-04-29 00:29:01.674398 - "POST /ajax/bz?__a=1&__ccg=GOOD&__comet_req=7&__crn=comet.igweb.PolarisHomeRoute&__d=www&__hs=20206.HYP%3Ainstagram_web_pkg.2.1...0&__hsi=7498448150216614796&__req=j&__rev=1022292862&__s=5woqe6%3Akh03xw%3Aodj62j&__spin_b=trunk&__spin_r=1022292862&__spin_t=1745868508&__user=0&dpr=1&jazoest=2892&lsd=AVp5OMcE1Tw&ph=C3 HTTP/1.1" 404 -
2025-04-29 00:29:01.677398 - 404 Not Found (POST): /ajax/bz
2025-04-29 00:29:03.986912 - "POST /ajax/bz?__a=1&__ccg=GOOD&__comet_req=7&__crn=comet.igweb.PolarisHomeRoute&__d=www&__hs=20206.HYP%3Ainstagram_web_pkg.2.1...0&__hsi=7498448150216614796&__req=k&__rev=1022292862&__s=5woqe6%3Akh03xw%3Aodj62j&__spin_b=trunk&__spin_r=1022292862&__spin_t=1745868508&__user=0&dpr=1&jazoest=2892&lsd=AVp5OMcE1Tw&ph=C3 HTTP/1.1" 404 -
2025-04-29 00:29:03.989915 - 404 Not Found (POST): /ajax/bz
2025-04-29 00:29:12.698694 - "POST /ajax/bz?__a=1&__ccg=GOOD&__comet_req=7&__crn=comet.igweb.PolarisHomeRoute&__d=www&__hs=20206.HYP%3Ainstagram_web_pkg.2.1...0&__hsi=7498448150216614796&__req=l&__rev=1022292862&__s=5woqe6%3Akh03xw%3Aodj62j&__spin_b=trunk&__spin_r=1022292862&__spin_t=1745868508&__user=0&dpr=1&jazoest=2892&lsd=AVp5OMcE1Tw&ph=C3 HTTP/1.1" 404 -
2025-04-29 00:29:12.701704 - 404 Not Found (POST): /ajax/bz
2025-04-29 00:29:13.717288 - "GET /fetch?url=https://facebook.com HTTP/1.1" 200 -
2025-04-29 00:29:13.719288 - Fetched external URL: https://facebook.com
2025-04-29 00:29:14.999338 - "POST /ajax/bz?__a=1&__ccg=EXCELLENT&__dyn=7xe6E5aQ1PyUbFp41twpUnwgU29zE6u7E3rw5ux60Vo1upE4W0OE3nwaq0yE7i0n24o5-0me1Fw5uw5Uwdq0Ho2eU5O09yyE25w8W0Lo6-0uS0lm0zo3jwea&__hs=20206.BP%3ADEFAULT.2.0...0&__hsi=7498448340271587940&__req=1&__rev=1022294347&__s=5woqe6%3Akh03xw%3Afukq3b&__spin_b=trunk&__spin_r=1022294347&__spin_t=1745868553&__user=0&dpr=1&jazoest=2971&lsd=AVqIpBbWrm0 HTTP/1.1" 404 -
2025-04-29 00:29:15.001333 - 404 Not Found (POST): /ajax/bz
2025-04-29 00:29:15.267339 - "GET /data/manifest/?is_workplace_mobile_pwa_dogfooding=0 HTTP/1.1" 404 -
2025-04-29 00:29:15.269347 - 404 Not Found: /data/manifest/
2025-04-29 00:29:15.709285 - "POST /ajax/bz?__a=1&__ccg=EXCELLENT&__dyn=7xe6E5aQ1PyUbFp41twpUnwgU29zE6u7E3rw5ux60Vo1upE4W0OE3nwaq0yE7i0n24o5-0me1Fw5uw5Uwdq0Ho2eU5O09yyE25w8W0Lo6-0uS0lm0zo3jwea&__hs=20206.BP%3ADEFAULT.2.0...0&__hsi=7498448340271587940&__req=2&__rev=1022294347&__s=5woqe6%3Akh03xw%3Afukq3b&__spin_b=trunk&__spin_r=1022294347&__spin_t=1745868553&__user=0&dpr=1&jazoest=2971&lsd=AVqIpBbWrm0 HTTP/1.1" 404 -
2025-04-29 00:29:15.711300 - 404 Not Found (POST): /ajax/bz
2025-04-29 00:29:20.349652 - "POST /login/?privacy_mutation_token=eyJ0eXBlIjowLCJjcmVhdGlvbl90aW1lIjoxNzQ1ODY4NTUzLCJjYWxsc2l0ZV9pZCI6MzgxMjI5MDc5NTc1OTQ2fQ%3D%3D&next HTTP/1.1" 404 -
2025-04-29 00:29:20.351665 - 404 Not Found (POST): /login/
2025-04-29 00:29:20.386652 - "POST /ajax/bz?__a=1&__ccg=EXCELLENT&__dyn=7xe6E5aQ1PyUbFp41twpUnwgU29zE6u7E3rw5ux60Vo1upE4W0OE3nwaq0yE7i0n24o5-0me1Fw5uw5Uwdq0Ho2eU5O09yyE25w8W0Lo6-0uS0lm0zo3jwea&__hs=20206.BP%3ADEFAULT.2.0...0&__hsi=7498448340271587940&__req=4&__rev=1022294347&__s=5woqe6%3Akh03xw%3Afukq3b&__spin_b=trunk&__spin_r=1022294347&__spin_t=1745868553&__user=0&dpr=1&jazoest=2971&lsd=AVqIpBbWrm0 HTTP/1.1" 404 -
2025-04-29 00:29:20.388652 - 404 Not Found (POST): /ajax/bz
2025-04-29 00:29:20.598856 - "POST /ajax/bz?__a=1&__ccg=EXCELLENT&__dyn=7xe6E5aQ1PyUbFp41twpUnwgU29zE6u7E3rw5ux60Vo1upE4W0OE3nwaq0yE7i0n24o5-0me1Fw5uw5Uwdq0Ho2eU5O09yyE25w8W0Lo6-0uS0lm0zo3jwea&__hs=20206.BP%3ADEFAULT.2.0...0&__hsi=7498448340271587940&__req=6&__rev=1022294347&__s=5woqe6%3Akh03xw%3Afukq3b&__spin_b=trunk&__spin_r=1022294347&__spin_t=1745868553&__user=0&dpr=1&jazoest=2971&lsd=AVqIpBbWrm0 HTTP/1.1" 404 -
2025-04-29 00:29:20.599852 - 404 Not Found (POST): /ajax/bz
2025-04-29 00:29:26.969989 - "POST /ajax/bz?__a=1&__ccg=EXCELLENT&__dyn=7xe6E5aQ1PyUbFp41twpUnwgU29zE6u7E3rw5ux60Vo1upE4W0OE3nwaq0yE7i0n24o5-0me1Fw5uw5Uwdq0Ho2eU5O09yyE25w8W0Lo6-0uS0lm0zo3jwea&__hs=20206.BP%3ADEFAULT.2.0...0&__hsi=7498448340271587940&__req=1&__rev=1022294347&__s=5woqe6%3Akh03xw%3Axxdzsv&__spin_b=trunk&__spin_r=1022294347&__spin_t=1745868553&__user=0&dpr=1&jazoest=2971&lsd=AVqIpBbWrm0 HTTP/1.1" 404 -
2025-04-29 00:29:26.971997 - 404 Not Found (POST): /ajax/bz
2025-04-29 00:29:26.975995 - "GET /data/manifest/?is_workplace_mobile_pwa_dogfooding=0 HTTP/1.1" 404 -
2025-04-29 00:29:26.979005 - 404 Not Found: /data/manifest/
2025-04-29 00:29:34.379711 - "GET /fetch?url=https://youtube.com HTTP/1.1" 200 -
2025-04-29 00:29:34.382707 - Fetched external URL: https://youtube.com
2025-04-29 00:29:34.399709 - "POST /ajax/bz?__a=1&__ccg=EXCELLENT&__dyn=7xe6E5aQ1PyUbFp41twpUnwgU29zE6u7E3rw5ux60Vo1upE4W0OE3nwaq0yE7i0n24o5-0me1Fw5uw5Uwdq0Ho2eU5O09yyE25w8W0Lo6-0uS0lm0zo3jwea&__hs=20206.BP%3ADEFAULT.2.0...0&__hsi=7498448340271587940&__req=2&__rev=1022294347&__s=5woqe6%3Akh03xw%3Axxdzsv&__spin_b=trunk&__spin_r=1022294347&__spin_t=1745868553&__user=0&dpr=1&jazoest=2971&lsd=AVqIpBbWrm0 HTTP/1.1" 404 -
2025-04-29 00:29:34.404307 - 404 Not Found (POST): /ajax/bz
2025-04-29 00:29:34.413315 - "POST /ajax/bz?__a=1&__ccg=EXCELLENT&__dyn=7xe6E5aQ1PyUbFp41twpUnwgU29zE6u7E3rw5ux60Vo1upE4W0OE3nwaq0yE7i0n24o5-0me1Fw5uw5Uwdq0Ho2eU5O09yyE25w8W0Lo6-0uS0lm0zo3jwea&__hs=20206.BP%3ADEFAULT.2.0...0&__hsi=7498448340271587940&__req=3&__rev=1022294347&__s=5woqe6%3Akh03xw%3Axxdzsv&__spin_b=trunk&__spin_r=1022294347&__spin_t=1745868553&__user=0&dpr=1&jazoest=2971&lsd=AVqIpBbWrm0 HTTP/1.1" 404 -
2025-04-29 00:29:34.713135 - "POST /ajax/bz?__a=1&__ccg=EXCELLENT&__dyn=7xe6E5aQ1PyUbFp41twpUnwgU29zE6u7E3rw5ux60Vo1upE4W0OE3nwaq0yE7i0n24o5-0me1Fw5uw5Uwdq0Ho2eU5O09yyE25w8W0Lo6-0uS0lm0zo3jwea&__hs=20206.BP%3ADEFAULT.2.0...0&__hsi=7498448340271587940&__req=4&__rev=1022294347&__s=5woqe6%3Akh03xw%3Axxdzsv&__spin_b=trunk&__spin_r=1022294347&__spin_t=1745868553&__user=0&dpr=1&jazoest=2971&lsd=AVqIpBbWrm0 HTTP/1.1" 404 -
2025-04-29 00:29:34.715134 - 404 Not Found (POST): /ajax/bz
2025-04-29 00:29:37.215453 - "POST /youtubei/v1/att/get?prettyPrint=false HTTP/1.1" 404 -
2025-04-29 00:29:37.217467 - 404 Not Found (POST): /youtubei/v1/att/get
2025-04-29 00:29:37.232451 - "GET /s/search/audio/failure.mp3 HTTP/1.1" 404 -
2025-04-29 00:29:37.233462 - 404 Not Found: /s/search/audio/failure.mp3
2025-04-29 00:29:37.236445 - "GET /s/search/audio/no_input.mp3 HTTP/1.1" 404 -
2025-04-29 00:29:37.238442 - 404 Not Found: /s/search/audio/no_input.mp3
2025-04-29 00:29:37.241455 - "GET /s/search/audio/open.mp3 HTTP/1.1" 404 -
2025-04-29 00:29:37.243449 - 404 Not Found: /s/search/audio/open.mp3
2025-04-29 00:29:37.264441 - "GET /s/search/audio/success.mp3 HTTP/1.1" 404 -
2025-04-29 00:29:37.266437 - 404 Not Found: /s/search/audio/success.mp3
2025-04-29 00:29:37.468441 - "GET /manifest.webmanifest HTTP/1.1" 404 -
2025-04-29 00:29:37.469440 - 404 Not Found: /manifest.webmanifest
2025-04-29 00:29:37.925461 - "POST /youtubei/v1/guide?prettyPrint=false HTTP/1.1" 404 -
2025-04-29 00:29:37.927456 - 404 Not Found (POST): /youtubei/v1/guide
2025-04-29 00:29:38.480638 - "POST /youtubei/v1/feedback?prettyPrint=false HTTP/1.1" 404 -
2025-04-29 00:29:38.482632 - 404 Not Found (POST): /youtubei/v1/feedback
2025-04-29 00:29:38.738276 - "GET /s/player/8102da6c/www-player-rtl.css HTTP/1.1" 404 -
2025-04-29 00:29:38.740289 - 404 Not Found: /s/player/8102da6c/www-player-rtl.css
2025-04-29 00:29:39.033285 - "GET /s/player/8102da6c/player_ias.vflset/ur_PK/base.js HTTP/1.1" 404 -
2025-04-29 00:29:39.035284 - 404 Not Found: /s/player/8102da6c/player_ias.vflset/ur_PK/base.js
2025-04-29 00:29:55.708884 - "GET /fetch?url=https://youtube.com.pk HTTP/1.1" 200 -
2025-04-29 00:29:55.711893 - Fetched external URL: https://youtube.com.pk
2025-04-29 00:29:55.715893 - "POST /youtubei/v1/log_event?alt=json HTTP/1.1" 404 -
2025-04-29 00:29:55.718896 - 404 Not Found (POST): /youtubei/v1/log_event
2025-04-29 00:29:58.062352 - "POST /youtubei/v1/att/get?prettyPrint=false HTTP/1.1" 404 -
2025-04-29 00:29:58.064361 - 404 Not Found (POST): /youtubei/v1/att/get
2025-04-29 00:29:58.436813 - "GET /s/search/audio/failure.mp3 HTTP/1.1" 404 -
2025-04-29 00:29:58.438820 - 404 Not Found: /s/search/audio/failure.mp3
2025-04-29 00:29:58.441832 - "GET /s/search/audio/no_input.mp3 HTTP/1.1" 404 -
2025-04-29 00:29:58.443818 - 404 Not Found: /s/search/audio/no_input.mp3
2025-04-29 00:29:58.446825 - "GET /s/search/audio/open.mp3 HTTP/1.1" 404 -
2025-04-29 00:29:58.448833 - 404 Not Found: /s/search/audio/open.mp3
2025-04-29 00:29:58.451820 - "GET /s/search/audio/success.mp3 HTTP/1.1" 404 -
2025-04-29 00:29:58.453813 - 404 Not Found: /s/search/audio/success.mp3
2025-04-29 00:29:59.010740 - "GET /manifest.webmanifest HTTP/1.1" 404 -
2025-04-29 00:29:59.011749 - 404 Not Found: /manifest.webmanifest
2025-04-29 00:29:59.624745 - "POST /youtubei/v1/guide?prettyPrint=false HTTP/1.1" 404 -
2025-04-29 00:29:59.626768 - 404 Not Found (POST): /youtubei/v1/guide
2025-04-29 00:29:59.803753 - "GET /s/player/8102da6c/www-player-rtl.css HTTP/1.1" 404 -
2025-04-29 00:29:59.805749 - 404 Not Found: /s/player/8102da6c/www-player-rtl.css
2025-04-29 00:29:59.883746 - "POST /youtubei/v1/feedback?prettyPrint=false HTTP/1.1" 404 -
2025-04-29 00:29:59.885741 - 404 Not Found (POST): /youtubei/v1/feedback
2025-04-29 00:30:00.141748 - "GET /s/player/8102da6c/player_ias.vflset/ur_PK/base.js HTTP/1.1" 404 -
2025-04-29 00:30:00.143739 - 404 Not Found: /s/player/8102da6c/player_ias.vflset/ur_PK/base.js
2025-04-29 00:30:03.243040 - "POST /youtubei/v1/search?prettyPrint=false HTTP/1.1" 404 -
2025-04-29 00:30:03.246043 - 404 Not Found (POST): /youtubei/v1/search
2025-04-29 00:30:07.476778 - "POST /youtubei/v1/search?prettyPrint=false HTTP/1.1" 404 -
2025-04-29 00:30:07.478752 - 404 Not Found (POST): /youtubei/v1/search
2025-04-29 00:30:12.020594 - "POST /youtubei/v1/log_event?alt=json HTTP/1.1" 404 -
2025-04-29 00:30:12.023612 - 404 Not Found (POST): /youtubei/v1/log_event
2025-04-29 00:30:12.337212 - code 501, message Unsupported method ('HEAD')
2025-04-29 00:30:12.338210 - "HEAD /generate_204 HTTP/1.1" 501 -
2025-04-29 00:30:12.845155 - "POST /youtubei/v1/browse?prettyPrint=false HTTP/1.1" 404 -
2025-04-29 00:30:12.847156 - 404 Not Found (POST): /youtubei/v1/browse
2025-04-29 00:30:17.852233 - "POST /youtubei/v1/log_event?alt=json HTTP/1.1" 404 -
2025-04-29 00:30:17.857238 - 404 Not Found (POST): /youtubei/v1/log_event
2025-04-29 00:30:18.115378 - code 501, message Unsupported method ('HEAD')
2025-04-29 00:30:18.116381 - "HEAD /generate_204 HTTP/1.1" 501 -
2025-04-29 00:30:24.724802 - "POST /youtubei/v1/log_event?alt=json HTTP/1.1" 404 -
2025-04-29 00:30:24.726800 - 404 Not Found (POST): /youtubei/v1/log_event
2025-04-29 00:30:25.992602 - "GET /fetch?url=https://wikipedia.com HTTP/1.1" 200 -
2025-04-29 00:30:25.994593 - Fetched external URL: https://wikipedia.com
2025-04-29 00:30:26.058600 - "GET /portal/wikipedia.org/assets/img/Wikipedia-logo-v2.png HTTP/1.1" 404 -
2025-04-29 00:30:26.059610 - 404 Not Found: /portal/wikipedia.org/assets/img/Wikipedia-logo-v2.png
2025-04-29 00:30:26.067603 - "GET /portal/wikipedia.org/assets/js/index-6bf78c58fd.js HTTP/1.1" 404 -
2025-04-29 00:30:26.070605 - 404 Not Found: /portal/wikipedia.org/assets/js/index-6bf78c58fd.js
2025-04-29 00:30:26.443464 - "GET /portal/wikipedia.org/assets/js/gt-ie9-ce3fe8e88d.js HTTP/1.1" 404 -
2025-04-29 00:30:26.445467 - 404 Not Found: /portal/wikipedia.org/assets/js/gt-ie9-ce3fe8e88d.js
2025-04-29 00:30:26.475486 - "GET /portal/wikipedia.org/assets/img/sprite-de847d1a.svg HTTP/1.1" 404 -
2025-04-29 00:30:26.476481 - 404 Not Found: /portal/wikipedia.org/assets/img/sprite-de847d1a.svg
2025-04-29 00:30:26.479476 - "GET /portal/wikipedia.org/assets/img/Wikinews-logo_sister.png HTTP/1.1" 404 -
2025-04-29 00:30:26.481477 - 404 Not Found: /portal/wikipedia.org/assets/img/Wikinews-logo_sister.png
2025-04-29 00:30:26.908716 - "GET /static/favicon/wikipedia.ico HTTP/1.1" 404 -
2025-04-29 00:30:26.910698 - GET /static/favicon/wikipedia.ico
2025-04-29 00:40:05.621094 - "GET /fetch?url=https://wikipedia.com HTTP/1.1" 500 -
2025-04-29 00:40:05.622711 - Failed fetching external URL: https://wikipedia.com
2025-04-29 00:41:10.650395 - "GET /fetch?url=https://wikipedia.com HTTP/1.1" 200 -
2025-04-29 00:41:10.652405 - Fetched external URL: https://wikipedia.com
2025-04-29 00:41:10.738628 - "GET /portal/wikipedia.org/assets/img/Wikipedia-logo-v2.png HTTP/1.1" 404 -
2025-04-29 00:41:10.740622 - 404 Not Found: /portal/wikipedia.org/assets/img/Wikipedia-logo-v2.png
2025-04-29 00:41:10.748628 - "GET /portal/wikipedia.org/assets/js/index-6bf78c58fd.js HTTP/1.1" 404 -
2025-04-29 00:41:10.750650 - 404 Not Found: /portal/wikipedia.org/assets/js/index-6bf78c58fd.js
2025-04-29 00:41:11.641420 - "GET /portal/wikipedia.org/assets/js/gt-ie9-ce3fe8e88d.js HTTP/1.1" 404 -
2025-04-29 00:41:11.643428 - 404 Not Found: /portal/wikipedia.org/assets/js/gt-ie9-ce3fe8e88d.js
2025-04-29 00:41:11.671740 - "GET /portal/wikipedia.org/assets/img/sprite-de847d1a.svg HTTP/1.1" 404 -
2025-04-29 00:41:11.673748 - 404 Not Found: /portal/wikipedia.org/assets/img/sprite-de847d1a.svg
2025-04-29 00:41:11.676747 - "GET /portal/wikipedia.org/assets/img/Wikinews-logo_sister.png HTTP/1.1" 404 -
2025-04-29 00:41:11.678745 - 404 Not Found: /portal/wikipedia.org/assets/img/Wikinews-logo_sister.png
2025-04-29 00:41:37.507997 - "GET /fetch?url=https://instagram.com HTTP/1.1" 200 -
2025-04-29 00:41:37.509995 - Fetched external URL: https://instagram.com
2025-04-29 00:41:37.664996 - "POST /ajax/qm/?__a=1&__user=0&__comet_req=7&jazoest=2863 HTTP/1.1" 404 -
2025-04-29 00:41:37.668000 - 404 Not Found (POST): /ajax/qm/
2025-04-29 00:41:38.680003 - "POST /ajax/bz?__a=1&__ccg=GOOD&__comet_req=7&__crn=comet.igweb.PolarisErrorRoute&__d=www&__hs=20206.HYP%3Ainstagram_web_pkg.2.1...0&__hsi=7498451534868091301&__req=2&__rev=1022292862&__s=1tbf6i%3Akh03xw%3Abruxi7&__spin_b=trunk&__spin_r=1022292862&__spin_t=1745869297&__user=0&dpr=1&jazoest=2863&lsd=AVqLhLCKi00&ph=C3 HTTP/1.1" 404 -
2025-04-29 00:41:38.683000 - 404 Not Found (POST): /ajax/bz
2025-04-29 00:41:38.686994 - "POST /ajax/bz?__a=1&__ccg=GOOD&__comet_req=7&__crn=comet.igweb.PolarisErrorRoute&__d=www&__hs=20206.HYP%3Ainstagram_web_pkg.2.1...0&__hsi=7498451534868091301&__req=1&__rev=1022292862&__s=1tbf6i%3Akh03xw%3Abruxi7&__spin_b=trunk&__spin_r=1022292862&__spin_t=1745869297&__user=0&dpr=1&jazoest=2863&lsd=AVqLhLCKi00&ph=C3 HTTP/1.1" 404 -
2025-04-29 00:41:38.690005 - 404 Not Found (POST): /ajax/bz
2025-04-29 00:41:38.938021 - "POST /api/graphql HTTP/1.1" 404 -
2025-04-29 00:41:38.940004 - 404 Not Found (POST): /api/graphql
2025-04-29 00:41:39.006990 - "POST /ajax/bulk-route-definitions/ HTTP/1.1" 404 -
2025-04-29 00:41:39.009013 - 404 Not Found (POST): /ajax/bulk-route-definitions/
2025-04-29 00:41:39.327040 - "POST /ajax/bulk-route-definitions/ HTTP/1.1" 404 -
2025-04-29 00:41:39.328040 - 404 Not Found (POST): /ajax/bulk-route-definitions/
2025-04-29 00:41:39.331047 - "POST /ajax/bulk-route-definitions/ HTTP/1.1" 404 -
2025-04-29 00:41:39.333048 - 404 Not Found (POST): /ajax/bulk-route-definitions/
2025-04-29 00:41:39.484714 - "POST /api/graphql HTTP/1.1" 404 -
2025-04-29 00:41:39.486703 - 404 Not Found (POST): /api/graphql
2025-04-29 00:41:39.669948 - "POST /ajax/bz?__a=1&__ccg=GOOD&__comet_req=7&__crn=comet.igweb.PolarisErrorRoute&__d=www&__hs=20206.HYP%3Ainstagram_web_pkg.2.1...0&__hsi=7498451534868091301&__req=8&__rev=1022292862&__s=1tbf6i%3Akh03xw%3Abruxi7&__spin_b=trunk&__spin_r=1022292862&__spin_t=1745869297&__user=0&dpr=1&jazoest=2863&lsd=AVqLhLCKi00&ph=C3 HTTP/1.1" 404 -
2025-04-29 00:41:39.671926 - 404 Not Found (POST): /ajax/bz
2025-04-29 00:41:42.371890 - "POST /ajax/bulk-route-definitions/ HTTP/1.1" 404 -
2025-04-29 00:41:42.373897 - 404 Not Found (POST): /ajax/bulk-route-definitions/
2025-04-29 00:41:42.637299 - "POST /ajax/bulk-route-definitions/ HTTP/1.1" 404 -
2025-04-29 00:41:42.639305 - 404 Not Found (POST): /ajax/bulk-route-definitions/
2025-04-29 00:41:42.653291 - "POST /ajax/bulk-route-definitions/ HTTP/1.1" 404 -
2025-04-29 00:41:42.656285 - 404 Not Found (POST): /ajax/bulk-route-definitions/
2025-04-29 00:41:45.387998 - "POST /ajax/bulk-route-definitions/ HTTP/1.1" 404 -
2025-04-29 00:41:45.391002 - 404 Not Found (POST): /ajax/bulk-route-definitions/
2025-04-29 00:41:45.762947 - "POST /ajax/bz?__a=1&__ccg=GOOD&__comet_req=7&__crn=comet.igweb.PolarisErrorRoute&__d=www&__hs=20206.HYP%3Ainstagram_web_pkg.2.1...0&__hsi=7498451534868091301&__req=d&__rev=1022292862&__s=1tbf6i%3Akh03xw%3Abruxi7&__spin_b=trunk&__spin_r=1022292862&__spin_t=1745869297&__user=0&dpr=1&jazoest=2863&lsd=AVqLhLCKi00&ph=C3 HTTP/1.1" 404 -
2025-04-29 00:41:45.765952 - 404 Not Found (POST): /ajax/bz
2025-04-29 00:41:45.955057 - "POST /ajax/bulk-route-definitions/ HTTP/1.1" 404 -
2025-04-29 00:41:45.957024 - 404 Not Found (POST): /ajax/bulk-route-definitions/
2025-04-29 00:41:45.975201 - "POST /ajax/bulk-route-definitions/ HTTP/1.1" 404 -
2025-04-29 00:41:45.977192 - 404 Not Found (POST): /ajax/bulk-route-definitions/
2025-04-29 00:41:46.472147 - "POST /ajax/bz?__a=1&__ccg=GOOD&__comet_req=7&__crn=comet.igweb.PolarisErrorRoute&__d=www&__hs=20206.HYP%3Ainstagram_web_pkg.2.1...0&__hsi=7498451534868091301&__req=g&__rev=1022292862&__s=1tbf6i%3Akh03xw%3Abruxi7&__spin_b=trunk&__spin_r=1022292862&__spin_t=1745869297&__user=0&dpr=1&jazoest=2863&lsd=AVqLhLCKi00&ph=C3 HTTP/1.1" 404 -
2025-04-29 00:41:46.474140 - 404 Not Found (POST): /ajax/bz
2025-04-29 00:41:52.487287 - "GET /fetch?url=https://facebook.com HTTP/1.1" 400 -
2025-04-29 00:41:52.488285 - Failed fetching external URL: https://facebook.com, Status Code: 400
2025-04-29 00:41:52.494292 - "POST /ajax/bz?__a=1&__ccg=GOOD&__comet_req=7&__crn=comet.igweb.PolarisErrorRoute&__d=www&__hs=20206.HYP%3Ainstagram_web_pkg.2.1...0&__hsi=7498451534868091301&__req=h&__rev=1022292862&__s=1tbf6i%3Akh03xw%3Abruxi7&__spin_b=trunk&__spin_r=1022292862&__spin_t=1745869297&__user=0&dpr=1&jazoest=2863&lsd=AVqLhLCKi00&ph=C3 HTTP/1.1" 404 -
2025-04-29 00:41:52.496288 - 404 Not Found (POST): /ajax/bz
2025-04-29 00:42:22.582331 - "GET /fetch?url=https://www.facebook.com HTTP/1.1" 400 -
2025-04-29 00:42:22.584325 - Failed fetching external URL: https://www.facebook.com, Status Code: 400
2025-04-29 00:43:12.735426 - "GET /fetch?url=https://www.youtube.com HTTP/1.1" 200 -
2025-04-29 00:43:12.737410 - Fetched external URL: https://www.youtube.com
2025-04-29 00:43:15.326175 - "GET /fetch?url=https%3A%2F%2Fwww.youtube.com&themeRefresh=1 HTTP/1.1" 200 -
2025-04-29 00:43:15.328201 - Fetched external URL: https://www.youtube.com
2025-04-29 00:43:15.333189 - "POST /youtubei/v1/att/get?prettyPrint=false HTTP/1.1" 404 -
2025-04-29 00:43:15.335183 - 404 Not Found (POST): /youtubei/v1/att/get
2025-04-29 00:43:15.339198 - "GET /s/search/audio/failure.mp3 HTTP/1.1" 404 -
2025-04-29 00:43:15.341181 - 404 Not Found: /s/search/audio/failure.mp3
2025-04-29 00:43:15.343185 - "GET /s/search/audio/no_input.mp3 HTTP/1.1" 404 -
2025-04-29 00:43:15.346183 - 404 Not Found: /s/search/audio/no_input.mp3
2025-04-29 00:43:15.348182 - "GET /s/search/audio/open.mp3 HTTP/1.1" 404 -
2025-04-29 00:43:15.350187 - 404 Not Found: /s/search/audio/open.mp3
2025-04-29 00:43:15.353187 - "GET /s/search/audio/success.mp3 HTTP/1.1" 404 -
2025-04-29 00:43:15.355181 - 404 Not Found: /s/search/audio/success.mp3
2025-04-29 00:43:17.493293 - "GET /s/search/audio/failure.mp3 HTTP/1.1" 404 -
2025-04-29 00:43:17.495299 - 404 Not Found: /s/search/audio/failure.mp3
2025-04-29 00:43:17.810285 - "POST /youtubei/v1/att/get?prettyPrint=false HTTP/1.1" 404 -
2025-04-29 00:43:17.811288 - 404 Not Found (POST): /youtubei/v1/att/get
2025-04-29 00:43:17.814309 - "GET /s/search/audio/no_input.mp3 HTTP/1.1" 404 -
2025-04-29 00:43:17.816292 - 404 Not Found: /s/search/audio/no_input.mp3
2025-04-29 00:43:17.819288 - "GET /s/search/audio/open.mp3 HTTP/1.1" 404 -
2025-04-29 00:43:17.821290 - 404 Not Found: /s/search/audio/open.mp3
2025-04-29 00:43:17.823293 - "GET /s/search/audio/success.mp3 HTTP/1.1" 404 -
2025-04-29 00:43:17.825289 - 404 Not Found: /s/search/audio/success.mp3
2025-04-29 00:43:18.426427 - "POST /youtubei/v1/guide?prettyPrint=false HTTP/1.1" 404 -
2025-04-29 00:43:18.431430 - 404 Not Found (POST): /youtubei/v1/guide
2025-04-29 00:43:18.740181 - "POST /youtubei/v1/feedback?prettyPrint=false HTTP/1.1" 404 -
2025-04-29 00:43:18.742188 - 404 Not Found (POST): /youtubei/v1/feedback
2025-04-29 00:43:18.750185 - "GET /manifest.webmanifest HTTP/1.1" 404 -
2025-04-29 00:43:18.752176 - 404 Not Found: /manifest.webmanifest
2025-04-29 00:43:18.980183 - "GET /s/player/8102da6c/www-player.css HTTP/1.1" 404 -
2025-04-29 00:43:18.982171 - 404 Not Found: /s/player/8102da6c/www-player.css
2025-04-29 00:43:19.125162 - "GET /s/player/8102da6c/player_ias.vflset/en_US/base.js HTTP/1.1" 404 -
2025-04-29 00:43:19.127167 - 404 Not Found: /s/player/8102da6c/player_ias.vflset/en_US/base.js
2025-04-29 00:43:23.436377 - "GET /results?search_query=hello&themeRefresh=1 HTTP/1.1" 404 -
2025-04-29 00:43:23.438371 - 404 Not Found: /results
2025-05-01 00:14:51.194466 - "GET / HTTP/1.1" 200 -
2025-05-01 00:14:51.196471 - GET /
2025-05-01 00:14:51.233470 - "GET /static/styles.css HTTP/1.1" 200 -
2025-05-01 00:14:51.234471 - GET /static/styles.css
2025-05-01 00:14:51.439464 - "GET /static/image.png HTTP/1.1" 404 -
2025-05-01 00:14:51.441467 - GET /static/image.png
2025-05-01 00:14:51.561459 - "GET /static/script.js HTTP/1.1" 200 -
2025-05-01 00:14:51.563472 - GET /static/script.js
2025-05-01 00:14:53.153465 - "GET /favicon.ico HTTP/1.1" 404 -
2025-05-01 00:14:53.154469 - 404 Not Found: /favicon.ico
2025-05-01 00:14:57.651863 - POST /submit - Form Data Received: {'name': ['Aniqa Azhar']}
2025-05-01 00:14:57.653868 - "POST /submit HTTP/1.1" 200 -
2025-05-01 00:15:32.854344 - "GET /fetch?url=https://wikipedia.com HTTP/1.1" 200 -
2025-05-01 00:15:32.855349 - Fetched external URL: https://wikipedia.com
2025-05-01 00:15:32.887348 - "GET /portal/wikipedia.org/assets/img/Wikipedia-logo-v2.png HTTP/1.1" 404 -
2025-05-01 00:15:32.888352 - 404 Not Found: /portal/wikipedia.org/assets/img/Wikipedia-logo-v2.png
2025-05-01 00:15:33.218220 - "GET /portal/wikipedia.org/assets/js/index-6bf78c58fd.js HTTP/1.1" 404 -
2025-05-01 00:15:33.219221 - 404 Not Found: /portal/wikipedia.org/assets/js/index-6bf78c58fd.js
2025-05-01 00:15:33.249891 - "GET /portal/wikipedia.org/assets/js/gt-ie9-ce3fe8e88d.js HTTP/1.1" 404 -
2025-05-01 00:15:33.250894 - 404 Not Found: /portal/wikipedia.org/assets/js/gt-ie9-ce3fe8e88d.js
2025-05-01 00:15:33.252897 - "GET /portal/wikipedia.org/assets/img/sprite-de847d1a.svg HTTP/1.1" 404 -
2025-05-01 00:15:33.252897 - 404 Not Found: /portal/wikipedia.org/assets/img/sprite-de847d1a.svg
2025-05-01 00:15:33.264701 - "GET /portal/wikipedia.org/assets/img/Wikinews-logo_sister.png HTTP/1.1" 404 -
2025-05-01 00:15:33.265701 - 404 Not Found: /portal/wikipedia.org/assets/img/Wikinews-logo_sister.png
2025-05-01 00:15:33.484851 - "GET /static/favicon/wikipedia.ico HTTP/1.1" 404 -
2025-05-01 00:15:33.485850 - GET /static/favicon/wikipedia.ico
2025-05-01 00:15:49.901960 - "GET /fetch?url=https://snapchat.com HTTP/1.1" 200 -
2025-05-01 00:15:49.902955 - Fetched external URL: https://snapchat.com
2025-05-01 00:16:08.293827 - "GET /fetch?url=https://instagram.com HTTP/1.1" 200 -
2025-05-01 00:16:08.295823 - Fetched external URL: https://instagram.com
2025-05-01 00:16:08.386834 - "POST /ajax/qm/?__a=1&__user=0&__comet_req=7&jazoest=2866 HTTP/1.1" 404 -
2025-05-01 00:16:08.387826 - 404 Not Found (POST): /ajax/qm/
2025-05-01 00:16:12.723983 - "POST /ajax/bz?__a=1&__ccg=GOOD&__comet_req=7&__crn=comet.igweb.PolarisErrorRoute&__d=www&__hs=20208.HYP%3Ainstagram_web_pkg.2.1...0&__hsi=7499187133028422802&__req=1&__rev=1022380591&__s=bzbtvw%3Ada7xmo%3A8t7036&__spin_b=trunk&__spin_r=1022380591&__spin_t=1746040567&__user=0&dpr=1&jazoest=2866&lsd=AVpUeg7-G_0&ph=C3 HTTP/1.1" 404 -
2025-05-01 00:16:12.725979 - 404 Not Found (POST): /ajax/bz
2025-05-01 00:16:12.727989 - "POST /ajax/bz?__a=1&__ccg=GOOD&__comet_req=7&__crn=comet.igweb.PolarisErrorRoute&__d=www&__hs=20208.HYP%3Ainstagram_web_pkg.2.1...0&__hsi=7499187133028422802&__req=2&__rev=1022380591&__s=bzbtvw%3Ada7xmo%3A8t7036&__spin_b=trunk&__spin_r=1022380591&__spin_t=1746040567&__user=0&dpr=1&jazoest=2866&lsd=AVpUeg7-G_0&ph=C3 HTTP/1.1" 404 -
2025-05-01 00:16:12.728982 - 404 Not Found (POST): /ajax/bz
2025-05-01 00:16:12.989778 - "POST /ajax/bulk-route-definitions/ HTTP/1.1" 404 -
2025-05-01 00:16:12.990776 - 404 Not Found (POST): /ajax/bulk-route-definitions/
2025-05-01 00:16:13.241700 - "POST /ajax/bulk-route-definitions/ HTTP/1.1" 404 -
2025-05-01 00:16:13.242697 - 404 Not Found (POST): /ajax/bulk-route-definitions/
2025-05-01 00:16:13.244698 - "POST /ajax/bz?__a=1&__ccg=GOOD&__comet_req=7&__crn=comet.igweb.PolarisErrorRoute&__d=www&__hs=20208.HYP%3Ainstagram_web_pkg.2.1...0&__hsi=7499187133028422802&__req=5&__rev=1022380591&__s=bzbtvw%3Ada7xmo%3A8t7036&__spin_b=trunk&__spin_r=1022380591&__spin_t=1746040567&__user=0&dpr=1&jazoest=2866&lsd=AVpUeg7-G_0&ph=C3 HTTP/1.1" 404 -
2025-05-01 00:16:13.245703 - 404 Not Found (POST): /ajax/bz
2025-05-01 00:16:13.271759 - "POST /api/graphql HTTP/1.1" 404 -
2025-05-01 00:16:13.272757 - 404 Not Found (POST): /api/graphql
2025-05-01 00:16:13.421269 - "POST /ajax/bz?__a=1&__ccg=GOOD&__comet_req=7&__crn=comet.igweb.PolarisErrorRoute&__d=www&__hs=20208.HYP%3Ainstagram_web_pkg.2.1...0&__hsi=7499187133028422802&__req=7&__rev=1022380591&__s=bzbtvw%3Ada7xmo%3A8t7036&__spin_b=trunk&__spin_r=1022380591&__spin_t=1746040567&__user=0&dpr=1&jazoest=2866&lsd=AVpUeg7-G_0&ph=C3 HTTP/1.1" 404 -
2025-05-01 00:16:13.422267 - 404 Not Found (POST): /ajax/bz
2025-05-01 00:16:16.329003 - "POST /ajax/bulk-route-definitions/ HTTP/1.1" 404 -
2025-05-01 00:16:16.330005 - 404 Not Found (POST): /ajax/bulk-route-definitions/
2025-05-01 00:16:16.568450 - "POST /ajax/bulk-route-definitions/ HTTP/1.1" 404 -
2025-05-01 00:16:16.569453 - 404 Not Found (POST): /ajax/bulk-route-definitions/
2025-05-01 00:16:18.811733 - "POST /ajax/route-definition/ HTTP/1.1" 404 -
2025-05-01 00:16:18.812732 - 404 Not Found (POST): /ajax/route-definition/
2025-05-01 00:16:19.655983 - "POST /ajax/bulk-route-definitions/ HTTP/1.1" 404 -
2025-05-01 00:16:19.656979 - 404 Not Found (POST): /ajax/bulk-route-definitions/
2025-05-01 00:16:19.884707 - "POST /ajax/bulk-route-definitions/ HTTP/1.1" 404 -
2025-05-01 00:16:19.885708 - 404 Not Found (POST): /ajax/bulk-route-definitions/
2025-05-01 00:16:20.817051 - "POST /ajax/bz?__a=1&__ccg=GOOD&__comet_req=7&__crn=comet.igweb.PolarisErrorRoute&__d=www&__hs=20208.HYP%3Ainstagram_web_pkg.2.1...0&__hsi=7499187133028422802&__req=d&__rev=1022380591&__s=bzbtvw%3Ada7xmo%3A8t7036&__spin_b=trunk&__spin_r=1022380591&__spin_t=1746040567&__user=0&dpr=1&jazoest=2866&lsd=AVpUeg7-G_0&ph=C3 HTTP/1.1" 404 -
2025-05-01 00:16:20.818056 - 404 Not Found (POST): /ajax/bz
2025-05-01 00:16:22.137580 - "POST /ajax/route-definition/ HTTP/1.1" 404 -
2025-05-01 00:16:22.138573 - 404 Not Found (POST): /ajax/route-definition/
2025-05-01 00:16:25.144407 - "POST /ajax/route-definition/ HTTP/1.1" 404 -
2025-05-01 00:16:25.145410 - 404 Not Found (POST): /ajax/route-definition/
2025-05-01 00:16:26.502652 - "POST /ajax/bz?__a=1&__ccg=GOOD&__comet_req=7&__d=www&__hs=20208.HYP%3Ainstagram_web_pkg.2.1...0&__hsi=7499187133028422802&__req=g&__rev=1022380591&__s=bzbtvw%3Ada7xmo%3A8t7036&__spin_b=trunk&__spin_r=1022380591&__spin_t=1746040567&__user=0&dpr=1&jazoest=2866&lsd=AVpUeg7-G_0&ph=C3 HTTP/1.1" 404 -
2025-05-01 00:16:26.503655 - 404 Not Found (POST): /ajax/bz
2025-05-01 00:16:30.131799 - "POST /ajax/bz?__a=1&__ccg=GOOD&__comet_req=7&__d=www&__hs=20208.HYP%3Ainstagram_web_pkg.2.1...0&__hsi=7499187133028422802&__req=h&__rev=1022380591&__s=bzbtvw%3Ada7xmo%3A8t7036&__spin_b=trunk&__spin_r=1022380591&__spin_t=1746040567&__user=0&dpr=1&jazoest=2866&lsd=AVpUeg7-G_0&ph=C3 HTTP/1.1" 404 -
2025-05-01 00:16:30.133805 - 404 Not Found (POST): /ajax/bz
2025-05-01 00:16:30.451723 - "GET /accounts/emailsignup/ HTTP/1.1" 404 -
2025-05-01 00:16:30.452719 - 404 Not Found: /accounts/emailsignup/
2025-05-01 00:16:42.030807 - "GET /fetch?url=https%3A%2F%2Finstagram.com HTTP/1.1" 200 -
2025-05-01 00:16:42.031800 - Fetched external URL: https://instagram.com
2025-05-01 00:16:42.106805 - "POST /ajax/qm/?__a=1&__user=0&__comet_req=7&jazoest=2930 HTTP/1.1" 404 -
2025-05-01 00:16:42.108801 - 404 Not Found (POST): /ajax/qm/
2025-05-01 00:16:42.721799 - "POST /ajax/bz?__a=1&__ccg=GOOD&__comet_req=7&__crn=comet.igweb.PolarisErrorRoute&__d=www&__hs=20208.HYP%3Ainstagram_web_pkg.2.1...0&__hsi=7499187279360662533&__req=1&__rev=1022380591&__s=bzbtvw%3Ada7xmo%3Akli2zj&__spin_b=trunk&__spin_r=1022380591&__spin_t=1746040601&__user=0&dpr=1&jazoest=2930&lsd=AVpDOASaOMw&ph=C3 HTTP/1.1" 404 -
2025-05-01 00:16:42.722807 - 404 Not Found (POST): /ajax/bz
2025-05-01 00:16:42.724803 - "POST /ajax/bz?__a=1&__ccg=GOOD&__comet_req=7&__crn=comet.igweb.PolarisErrorRoute&__d=www&__hs=20208.HYP%3Ainstagram_web_pkg.2.1...0&__hsi=7499187279360662533&__req=2&__rev=1022380591&__s=bzbtvw%3Ada7xmo%3Akli2zj&__spin_b=trunk&__spin_r=1022380591&__spin_t=1746040601&__user=0&dpr=1&jazoest=2930&lsd=AVpDOASaOMw&ph=C3 HTTP/1.1" 404 -
2025-05-01 00:16:42.726806 - 404 Not Found (POST): /ajax/bz
2025-05-01 00:16:42.801803 - "POST /api/graphql HTTP/1.1" 404 -
2025-05-01 00:16:42.802803 - 404 Not Found (POST): /api/graphql
2025-05-01 00:16:42.833806 - "POST /ajax/bz?__a=1&__ccg=GOOD&__comet_req=7&__crn=comet.igweb.PolarisErrorRoute&__d=www&__hs=20208.HYP%3Ainstagram_web_pkg.2.1...0&__hsi=7499187279360662533&__req=4&__rev=1022380591&__s=bzbtvw%3Ada7xmo%3Akli2zj&__spin_b=trunk&__spin_r=1022380591&__spin_t=1746040601&__user=0&dpr=1&jazoest=2930&lsd=AVpDOASaOMw&ph=C3 HTTP/1.1" 404 -
2025-05-01 00:16:42.835805 - 404 Not Found (POST): /ajax/bz
2025-05-01 00:16:42.970799 - "POST /ajax/bulk-route-definitions/ HTTP/1.1" 404 -
2025-05-01 00:16:42.971800 - 404 Not Found (POST): /ajax/bulk-route-definitions/
2025-05-01 00:16:43.038803 - "POST /ajax/bulk-route-definitions/ HTTP/1.1" 404 -
2025-05-01 00:16:43.039801 - 404 Not Found (POST): /ajax/bulk-route-definitions/
2025-05-01 00:16:43.041806 - "POST /ajax/bulk-route-definitions/ HTTP/1.1" 404 -
2025-05-01 00:16:43.042804 - 404 Not Found (POST): /ajax/bulk-route-definitions/
2025-05-01 00:16:43.044807 - "POST /api/graphql HTTP/1.1" 404 -
2025-05-01 00:16:43.046802 - 404 Not Found (POST): /api/graphql
2025-05-01 00:16:43.715384 - "POST /ajax/bz?__a=1&__ccg=GOOD&__comet_req=7&__crn=comet.igweb.PolarisErrorRoute&__d=www&__hs=20208.HYP%3Ainstagram_web_pkg.2.1...0&__hsi=7499187279360662533&__req=9&__rev=1022380591&__s=bzbtvw%3Ada7xmo%3Akli2zj&__spin_b=trunk&__spin_r=1022380591&__spin_t=1746040601&__user=0&dpr=1&jazoest=2930&lsd=AVpDOASaOMw&ph=C3 HTTP/1.1" 404 -
2025-05-01 00:16:43.716380 - 404 Not Found (POST): /ajax/bz
2025-05-01 00:16:44.080337 - "POST /ajax/route-definition/ HTTP/1.1" 404 -
2025-05-01 00:16:44.082338 - 404 Not Found (POST): /ajax/route-definition/
2025-05-01 00:16:44.713203 - "POST /ajax/bz?__a=1&__ccg=GOOD&__comet_req=7&__crn=comet.igweb.PolarisErrorRoute&__d=www&__hs=20208.HYP%3Ainstagram_web_pkg.2.1...0&__hsi=7499187279360662533&__req=b&__rev=1022380591&__s=bzbtvw%3Ada7xmo%3Akli2zj&__spin_b=trunk&__spin_r=1022380591&__spin_t=1746040601&__user=0&dpr=1&jazoest=2930&lsd=AVpDOASaOMw&ph=C3 HTTP/1.1" 404 -
2025-05-01 00:16:44.714207 - 404 Not Found (POST): /ajax/bz
2025-05-01 00:16:46.006950 - "POST /ajax/bulk-route-definitions/ HTTP/1.1" 404 -
2025-05-01 00:16:46.008952 - 404 Not Found (POST): /ajax/bulk-route-definitions/
2025-05-01 00:16:46.366407 - "POST /ajax/bulk-route-definitions/ HTTP/1.1" 404 -
2025-05-01 00:16:46.367406 - 404 Not Found (POST): /ajax/bulk-route-definitions/
2025-05-01 00:16:46.368406 - "POST /ajax/bulk-route-definitions/ HTTP/1.1" 404 -
2025-05-01 00:16:46.370407 - 404 Not Found (POST): /ajax/bulk-route-definitions/
2025-05-01 00:16:47.102950 - "POST /ajax/route-definition/ HTTP/1.1" 404 -
2025-05-01 00:16:47.103946 - 404 Not Found (POST): /ajax/route-definition/
2025-05-01 00:16:49.322542 - "POST /ajax/bulk-route-definitions/ HTTP/1.1" 404 -
2025-05-01 00:16:49.323544 - 404 Not Found (POST): /ajax/bulk-route-definitions/
2025-05-01 00:16:49.586724 - "POST /ajax/bulk-route-definitions/ HTTP/1.1" 404 -
2025-05-01 00:16:49.587724 - 404 Not Found (POST): /ajax/bulk-route-definitions/
2025-05-01 00:16:49.680605 - "POST /ajax/bulk-route-definitions/ HTTP/1.1" 404 -
2025-05-01 00:16:49.681605 - 404 Not Found (POST): /ajax/bulk-route-definitions/
2025-05-01 00:16:50.112580 - "POST /ajax/route-definition/ HTTP/1.1" 404 -
2025-05-01 00:16:50.113582 - 404 Not Found (POST): /ajax/route-definition/
2025-05-01 00:16:51.460659 - "POST /ajax/bz?__a=1&__ccg=GOOD&__comet_req=7&__d=www&__hs=20208.HYP%3Ainstagram_web_pkg.2.1...0&__hsi=7499187279360662533&__req=k&__rev=1022380591&__s=bzbtvw%3Ada7xmo%3Akli2zj&__spin_b=trunk&__spin_r=1022380591&__spin_t=1746040601&__user=0&dpr=1&jazoest=2930&lsd=AVpDOASaOMw&ph=C3 HTTP/1.1" 404 -
2025-05-01 00:16:51.461668 - 404 Not Found (POST): /ajax/bz
2025-05-01 00:16:57.468304 - "POST /ajax/bz?__a=1&__ccg=GOOD&__comet_req=7&__d=www&__hs=20208.HYP%3Ainstagram_web_pkg.2.1...0&__hsi=7499187279360662533&__req=l&__rev=1022380591&__s=bzbtvw%3Ada7xmo%3Akli2zj&__spin_b=trunk&__spin_r=1022380591&__spin_t=1746040601&__user=0&dpr=1&jazoest=2930&lsd=AVpDOASaOMw&ph=C3 HTTP/1.1" 404 -
2025-05-01 00:16:57.469314 - 404 Not Found (POST): /ajax/bz
2025-05-01 00:17:16.301744 - "GET /fetch?url=https://instagram.com/accounts/login/?next=%2F&source=desktop_nav HTTP/1.1" 200 -
2025-05-01 00:17:16.302739 - Fetched external URL: https://instagram.com/accounts/login/?next=/
2025-05-01 00:17:16.306743 - "POST /ajax/bz?__a=1&__ccg=GOOD&__comet_req=7&__d=www&__hs=20208.HYP%3Ainstagram_web_pkg.2.1...0&__hsi=7499187279360662533&__req=m&__rev=1022380591&__s=bzbtvw%3Ada7xmo%3Akli2zj&__spin_b=trunk&__spin_r=1022380591&__spin_t=1746040601&__user=0&dpr=1&jazoest=2930&lsd=AVpDOASaOMw&ph=C3 HTTP/1.1" 404 -
2025-05-01 00:17:16.307743 - 404 Not Found (POST): /ajax/bz
2025-05-01 00:17:16.409750 - "POST /ajax/qm/?__a=1&__user=0&__comet_req=7&jazoest=2983 HTTP/1.1" 404 -
2025-05-01 00:17:16.410754 - 404 Not Found (POST): /ajax/qm/
2025-05-01 00:17:16.876747 - "POST /ajax/bz?__a=1&__ccg=GOOD&__comet_req=7&__crn=comet.igweb.PolarisErrorRoute&__d=www&__hs=20208.HYP%3Ainstagram_web_pkg.2.1...0&__hsi=7499187425404962235&__req=1&__rev=1022380591&__s=bzbtvw%3Ada7xmo%3Aekyyep&__spin_b=trunk&__spin_r=1022380591&__spin_t=1746040635&__user=0&dpr=1&jazoest=2983&lsd=AVrz9yV59ks&ph=C3 HTTP/1.1" 404 -
2025-05-01 00:17:16.877746 - 404 Not Found (POST): /ajax/bz
2025-05-01 00:17:16.881747 - "POST /ajax/bz?__a=1&__ccg=GOOD&__comet_req=7&__crn=comet.igweb.PolarisErrorRoute&__d=www&__hs=20208.HYP%3Ainstagram_web_pkg.2.1...0&__hsi=7499187425404962235&__req=2&__rev=1022380591&__s=bzbtvw%3Ada7xmo%3Aekyyep&__spin_b=trunk&__spin_r=1022380591&__spin_t=1746040635&__user=0&dpr=1&jazoest=2983&lsd=AVrz9yV59ks&ph=C3 HTTP/1.1" 404 -
2025-05-01 00:17:16.882744 - 404 Not Found (POST): /ajax/bz
2025-05-01 00:17:17.096744 - "POST /ajax/bz?__a=1&__ccg=GOOD&__comet_req=7&__crn=comet.igweb.PolarisErrorRoute&__d=www&__hs=20208.HYP%3Ainstagram_web_pkg.2.1...0&__hsi=7499187425404962235&__req=3&__rev=1022380591&__s=bzbtvw%3Ada7xmo%3Aekyyep&__spin_b=trunk&__spin_r=1022380591&__spin_t=1746040635&__user=0&dpr=1&jazoest=2983&lsd=AVrz9yV59ks&ph=C3 HTTP/1.1" 404 -
2025-05-01 00:17:17.098748 - 404 Not Found (POST): /ajax/bz
2025-05-01 00:17:17.142744 - "POST /api/graphql HTTP/1.1" 404 -
2025-05-01 00:17:17.143745 - 404 Not Found (POST): /api/graphql
2025-05-01 00:17:17.221749 - "POST /ajax/bulk-route-definitions/ HTTP/1.1" 404 -
2025-05-01 00:17:17.223751 - 404 Not Found (POST): /ajax/bulk-route-definitions/
2025-05-01 00:17:17.253751 - "POST /ajax/bulk-route-definitions/ HTTP/1.1" 404 -
2025-05-01 00:17:17.254748 - 404 Not Found (POST): /ajax/bulk-route-definitions/
2025-05-01 00:17:17.570740 - "POST /ajax/bz?__a=1&__ccg=GOOD&__comet_req=7&__crn=comet.igweb.PolarisErrorRoute&__d=www&__hs=20208.HYP%3Ainstagram_web_pkg.2.1...0&__hsi=7499187425404962235&__req=7&__rev=1022380591&__s=bzbtvw%3Ada7xmo%3Aekyyep&__spin_b=trunk&__spin_r=1022380591&__spin_t=1746040635&__user=0&dpr=1&jazoest=2983&lsd=AVrz9yV59ks&ph=C3 HTTP/1.1" 404 -
2025-05-01 00:17:17.571746 - 404 Not Found (POST): /ajax/bz
2025-05-01 00:17:20.540692 - "POST /ajax/bulk-route-definitions/ HTTP/1.1" 404 -
2025-05-01 00:17:20.541692 - 404 Not Found (POST): /ajax/bulk-route-definitions/
2025-05-01 00:17:20.570690 - "POST /ajax/bulk-route-definitions/ HTTP/1.1" 404 -
2025-05-01 00:17:20.571693 - 404 Not Found (POST): /ajax/bulk-route-definitions/
2025-05-01 00:17:23.546970 - "POST /ajax/bulk-route-definitions/ HTTP/1.1" 404 -
2025-05-01 00:17:23.547963 - 404 Not Found (POST): /ajax/bulk-route-definitions/
2025-05-01 00:17:23.889855 - "POST /ajax/bulk-route-definitions/ HTTP/1.1" 404 -
2025-05-01 00:17:23.891855 - 404 Not Found (POST): /ajax/bulk-route-definitions/
2025-05-01 00:17:28.247463 - "POST /ajax/bz?__a=1&__ccg=GOOD&__comet_req=7&__crn=comet.igweb.PolarisErrorRoute&__d=www&__hs=20208.HYP%3Ainstagram_web_pkg.2.1...0&__hsi=7499187425404962235&__req=c&__rev=1022380591&__s=bzbtvw%3Ada7xmo%3Aekyyep&__spin_b=trunk&__spin_r=1022380591&__spin_t=1746040635&__user=0&dpr=1&jazoest=2983&lsd=AVrz9yV59ks&ph=C3 HTTP/1.1" 404 -
2025-05-01 00:17:28.249463 - 404 Not Found (POST): /ajax/bz
2025-05-01 00:18:23.785856 - "POST /ajax/bz?__a=1&__ccg=GOOD&__comet_req=7&__crn=comet.igweb.PolarisErrorRoute&__d=www&__hs=20208.HYP%3Ainstagram_web_pkg.2.1...0&__hsi=7499187425404962235&__req=d&__rev=1022380591&__s=%3Ada7xmo%3Aekyyep&__spin_b=trunk&__spin_r=1022380591&__spin_t=1746040635&__user=0&dpr=1&jazoest=2983&lsd=AVrz9yV59ks&ph=C3 HTTP/1.1" 404 -
2025-05-01 00:18:23.787831 - 404 Not Found (POST): /ajax/bz
2025-05-01 00:25:11.566886 - "POST /ajax/bz?__a=1&__ccg=GOOD&__comet_req=7&__crn=comet.igweb.PolarisErrorRoute&__d=www&__hs=20208.HYP%3Ainstagram_web_pkg.2.1...0&__hsi=7499187425404962235&__req=e&__rev=1022380591&__s=zhwzqk%3Ada7xmo%3Aekyyep&__spin_b=trunk&__spin_r=1022380591&__spin_t=1746040635&__user=0&dpr=1&jazoest=2983&lsd=AVrz9yV59ks&ph=C3 HTTP/1.1" 404 -
2025-05-01 00:25:11.568915 - 404 Not Found (POST): /ajax/bz
2025-05-01 00:25:24.154215 - "POST /ajax/bz?__a=1&__ccg=GOOD&__comet_req=7&__crn=comet.igweb.PolarisErrorRoute&__d=www&__hs=20208.HYP%3Ainstagram_web_pkg.2.1...0&__hsi=7499187425404962235&__req=f&__rev=1022380591&__s=zhwzqk%3Ada7xmo%3Aekyyep&__spin_b=trunk&__spin_r=1022380591&__spin_t=1746040635&__user=0&dpr=1&jazoest=2983&lsd=AVrz9yV59ks&ph=C3 HTTP/1.1" 404 -
2025-05-01 00:25:24.156215 - 404 Not Found (POST): /ajax/bz
2025-05-01 00:25:29.822946 - "POST /ajax/bz?__a=1&__ccg=GOOD&__comet_req=7&__crn=comet.igweb.PolarisErrorRoute&__d=www&__hs=20208.HYP%3Ainstagram_web_pkg.2.1...0&__hsi=7499187425404962235&__req=g&__rev=1022380591&__s=zhwzqk%3Ada7xmo%3Aekyyep&__spin_b=trunk&__spin_r=1022380591&__spin_t=1746040635&__user=0&dpr=1&jazoest=2983&lsd=AVrz9yV59ks&ph=C3 HTTP/1.1" 404 -
2025-05-01 00:25:29.823946 - 404 Not Found (POST): /ajax/bz
2025-05-01 00:25:42.928319 - "POST /ajax/bz?__a=1&__ccg=GOOD&__comet_req=7&__crn=comet.igweb.PolarisErrorRoute&__d=www&__hs=20208.HYP%3Ainstagram_web_pkg.2.1...0&__hsi=7499187425404962235&__req=h&__rev=1022380591&__s=zhwzqk%3Ada7xmo%3Aekyyep&__spin_b=trunk&__spin_r=1022380591&__spin_t=1746040635&__user=0&dpr=1&jazoest=2983&lsd=AVrz9yV59ks&ph=C3 HTTP/1.1" 404 -
2025-05-01 00:25:42.929318 - 404 Not Found (POST): /ajax/bz
2025-05-01 00:25:43.233922 - "GET /prooxy?url=https://instagram.com HTTP/1.1" 404 -
2025-05-01 00:25:43.234924 - 404 Not Found: /prooxy
2025-05-01 00:25:48.884658 - "GET /proxy?url=https://instagram.com HTTP/1.1" 200 -
2025-05-01 00:25:48.971658 - "POST /ajax/qm/?__a=1&__user=0&__comet_req=7&jazoest=2964 HTTP/1.1" 404 -
2025-05-01 00:25:48.972657 - 404 Not Found (POST): /ajax/qm/
2025-05-01 00:25:49.804016 - "POST /ajax/bz?__a=1&__ccg=GOOD&__comet_req=7&__crn=comet.igweb.PolarisHomeRoute&__d=www&__hs=20208.HYP%3Ainstagram_web_pkg.2.1...0&__hsi=7499189628530270081&__req=1&__rev=1022380591&__s=zhwzqk%3Ada7xmo%3Ai99ixp&__spin_b=trunk&__spin_r=1022380591&__spin_t=1746041148&__user=0&dpr=1&jazoest=2964&lsd=AVp6vhc_iN0&ph=C3 HTTP/1.1" 404 -
2025-05-01 00:25:49.805012 - 404 Not Found (POST): /ajax/bz
2025-05-01 00:25:49.808014 - "POST /ajax/bz?__a=1&__ccg=GOOD&__comet_req=7&__crn=comet.igweb.PolarisHomeRoute&__d=www&__hs=20208.HYP%3Ainstagram_web_pkg.2.1...0&__hsi=7499189628530270081&__req=2&__rev=1022380591&__s=zhwzqk%3Ada7xmo%3Ai99ixp&__spin_b=trunk&__spin_r=1022380591&__spin_t=1746041148&__user=0&dpr=1&jazoest=2964&lsd=AVp6vhc_iN0&ph=C3 HTTP/1.1" 404 -
2025-05-01 00:25:49.809020 - 404 Not Found (POST): /ajax/bz
2025-05-01 00:25:50.030526 - "POST /api/graphql HTTP/1.1" 404 -
2025-05-01 00:25:50.031531 - 404 Not Found (POST): /api/graphql
2025-05-01 00:25:50.038538 - "POST /api/graphql HTTP/1.1" 404 -
2025-05-01 00:25:50.039531 - 404 Not Found (POST): /api/graphql
2025-05-01 00:25:50.051531 - "POST /ajax/bz?__a=1&__ccg=GOOD&__comet_req=7&__crn=comet.igweb.PolarisHomeRoute&__d=www&__hs=20208.HYP%3Ainstagram_web_pkg.2.1...0&__hsi=7499189628530270081&__req=5&__rev=1022380591&__s=zhwzqk%3Ada7xmo%3Ai99ixp&__spin_b=trunk&__spin_r=1022380591&__spin_t=1746041148&__user=0&dpr=1&jazoest=2964&lsd=AVp6vhc_iN0&ph=C3 HTTP/1.1" 404 -
2025-05-01 00:25:50.052530 - 404 Not Found (POST): /ajax/bz
2025-05-01 00:25:50.055531 - "POST /ajax/bulk-route-definitions/ HTTP/1.1" 404 -
2025-05-01 00:25:50.056530 - 404 Not Found (POST): /ajax/bulk-route-definitions/
2025-05-01 00:25:50.133590 - "POST /ajax/bulk-route-definitions/ HTTP/1.1" 404 -
2025-05-01 00:25:50.134583 - 404 Not Found (POST): /ajax/bulk-route-definitions/
2025-05-01 00:25:50.226847 - "POST /api/graphql HTTP/1.1" 404 -
2025-05-01 00:25:50.228846 - 404 Not Found (POST): /api/graphql
2025-05-01 00:25:50.351307 - "POST /ajax/bulk-route-definitions/ HTTP/1.1" 404 -
2025-05-01 00:25:50.352307 - 404 Not Found (POST): /ajax/bulk-route-definitions/
2025-05-01 00:25:50.391307 - "GET /data/manifest.json HTTP/1.1" 404 -
2025-05-01 00:25:50.392309 - 404 Not Found: /data/manifest.json
2025-05-01 00:25:50.412802 - "GET /images/instagram/xig/homepage/screenshots_v3/instagram-web-lox-image.png HTTP/1.1" 404 -
2025-05-01 00:25:50.413799 - 404 Not Found: /images/instagram/xig/homepage/screenshots_v3/instagram-web-lox-image.png
2025-05-01 00:25:50.806294 - "POST /ajax/bz?__a=1&__ccg=GOOD&__comet_req=7&__crn=comet.igweb.PolarisHomeRoute&__d=www&__hs=20208.HYP%3Ainstagram_web_pkg.2.1...0&__hsi=7499189628530270081&__req=a&__rev=1022380591&__s=zhwzqk%3Ada7xmo%3Ai99ixp&__spin_b=trunk&__spin_r=1022380591&__spin_t=1746041148&__user=0&dpr=1&jazoest=2964&lsd=AVp6vhc_iN0&ph=C3 HTTP/1.1" 404 -
2025-05-01 00:25:50.808296 - 404 Not Found (POST): /ajax/bz
2025-05-01 00:25:53.087215 - "POST /ajax/bulk-route-definitions/ HTTP/1.1" 404 -
2025-05-01 00:25:53.089219 - 404 Not Found (POST): /ajax/bulk-route-definitions/
2025-05-01 00:25:53.457284 - "POST /ajax/bulk-route-definitions/ HTTP/1.1" 404 -
2025-05-01 00:25:53.458289 - 404 Not Found (POST): /ajax/bulk-route-definitions/
2025-05-01 00:25:53.676200 - "POST /ajax/bulk-route-definitions/ HTTP/1.1" 404 -
2025-05-01 00:25:53.677200 - 404 Not Found (POST): /ajax/bulk-route-definitions/
2025-05-01 00:25:56.094567 - "POST /ajax/bulk-route-definitions/ HTTP/1.1" 404 -
2025-05-01 00:25:56.096572 - 404 Not Found (POST): /ajax/bulk-route-definitions/
2025-05-01 00:25:56.780862 - "POST /ajax/bulk-route-definitions/ HTTP/1.1" 404 -
2025-05-01 00:25:56.781845 - 404 Not Found (POST): /ajax/bulk-route-definitions/
2025-05-01 00:25:56.984977 - "POST /ajax/bulk-route-definitions/ HTTP/1.1" 404 -
2025-05-01 00:25:56.986004 - 404 Not Found (POST): /ajax/bulk-route-definitions/
2025-05-01 00:26:01.965936 - "POST /ajax/bz?__a=1&__ccg=GOOD&__comet_req=7&__crn=comet.igweb.PolarisHomeRoute&__d=www&__hs=20208.HYP%3Ainstagram_web_pkg.2.1...0&__hsi=7499189628530270081&__req=h&__rev=1022380591&__s=zhwzqk%3Ada7xmo%3Ai99ixp&__spin_b=trunk&__spin_r=1022380591&__spin_t=1746041148&__user=0&dpr=1&jazoest=2964&lsd=AVp6vhc_iN0&ph=C3 HTTP/1.1" 404 -
2025-05-01 00:26:01.966935 - 404 Not Found (POST): /ajax/bz
2025-05-01 00:26:03.282964 - "POST /ajax/bz?__a=1&__ccg=GOOD&__comet_req=7&__crn=comet.igweb.PolarisHomeRoute&__d=www&__hs=20208.HYP%3Ainstagram_web_pkg.2.1...0&__hsi=7499189628530270081&__req=i&__rev=1022380591&__s=zhwzqk%3Ada7xmo%3Ai99ixp&__spin_b=trunk&__spin_r=1022380591&__spin_t=1746041148&__user=0&dpr=1&jazoest=2964&lsd=AVp6vhc_iN0&ph=C3 HTTP/1.1" 404 -
2025-05-01 00:26:03.283967 - 404 Not Found (POST): /ajax/bz
2025-05-01 00:26:09.250075 - "POST /ajax/bz?__a=1&__ccg=GOOD&__comet_req=7&__crn=comet.igweb.PolarisHomeRoute&__d=www&__hs=20208.HYP%3Ainstagram_web_pkg.2.1...0&__hsi=7499189628530270081&__req=j&__rev=1022380591&__s=zhwzqk%3Ada7xmo%3Ai99ixp&__spin_b=trunk&__spin_r=1022380591&__spin_t=1746041148&__user=0&dpr=1&jazoest=2964&lsd=AVp6vhc_iN0&ph=C3 HTTP/1.1" 404 -
2025-05-01 00:26:09.252078 - 404 Not Found (POST): /ajax/bz
2025-05-01 00:26:09.967040 - "GET /proxy?url=https://snapchat.com HTTP/1.1" 403 -
2025-05-01 00:26:28.019518 - "GET /proxy?url=https://www.snapchat.com HTTP/1.1" 403 -
2025-05-01 00:26:39.471287 - "GET /proxy?url=https://facebook.com HTTP/1.1" 200 -
2025-05-01 00:26:40.250130 - "POST /ajax/bz?__a=1&__ccg=EXCELLENT&__dyn=7xe6E5aQ1PyUbFp41twpUnwgU6C7UW1DxW0SU1nEhwem0nCq1ewcG0RU2Cw8G1Qw5Mx61vw4Ugao6C0Mo2swc20JU3mwaS0zK1sw2oEG0xo2ewbS1Lw60wr86C13wau0zo7u1rwea&__hs=20208.BP%3ADEFAULT.2.0...0&__hsi=7499189844996815596&__req=1&__rev=1022383845&__s=zhwzqk%3Ada7xmo%3Aizn8lv&__spin_b=trunk&__spin_r=1022383845&__spin_t=1746041198&__user=0&dpr=1&jazoest=21005&lsd=AVoJdqlfp-Y HTTP/1.1" 404 -
2025-05-01 00:26:40.251132 - 404 Not Found (POST): /ajax/bz
2025-05-01 00:26:41.593409 - "POST /ajax/bz?__a=1&__ccg=EXCELLENT&__dyn=7xe6E5aQ1PyUbFp41twpUnwgU6C7UW1DxW0SU1nEhwem0nCq1ewcG0RU2Cw8G1Qw5Mx61vw4Ugao6C0Mo2swc20JU3mwaS0zK1sw2oEG0xo2ewbS1Lw60wr86C13wau0zo7u1rwea&__hs=20208.BP%3ADEFAULT.2.0...0&__hsi=7499189844996815596&__req=2&__rev=1022383845&__s=zhwzqk%3Ada7xmo%3Aizn8lv&__spin_b=trunk&__spin_r=1022383845&__spin_t=1746041198&__user=0&dpr=1&jazoest=21005&lsd=AVoJdqlfp-Y HTTP/1.1" 404 -
2025-05-01 00:26:41.593409 - 404 Not Found (POST): /ajax/bz
2025-05-01 00:26:41.842255 - "GET /data/manifest/?is_workplace_mobile_pwa_dogfooding=0 HTTP/1.1" 404 -
2025-05-01 00:26:41.842255 - 404 Not Found: /data/manifest/
2025-05-01 00:26:49.286634 - "POST /ajax/bz?__a=1&__ccg=EXCELLENT&__dyn=7xe6E5aQ1PyUbFp41twpUnwgU6C7UW1DxW0SU1nEhwem0nCq1ewcG0RU2Cw8G1Qw5Mx61vw4Ugao6C0Mo2swc20JU3mwaS0zK1sw2oEG0xo2ewbS1Lw60wr86C13wau0zo7u1rwea&__hs=20208.BP%3ADEFAULT.2.0...0&__hsi=7499189844996815596&__req=3&__rev=1022383845&__s=zhwzqk%3Ada7xmo%3Aizn8lv&__spin_b=trunk&__spin_r=1022383845&__spin_t=1746041198&__user=0&dpr=1&jazoest=21005&lsd=AVoJdqlfp-Y HTTP/1.1" 404 -
2025-05-01 00:26:49.289636 - 404 Not Found (POST): /ajax/bz
2025-05-01 00:26:49.638680 - "POST /ajax/bz?__a=1&__ccg=EXCELLENT&__dyn=7xe6E5aQ1PyUbFp41twpUnwgU6C7UW1DxW0SU1nEhwem0nCq1ewcG0RU2Cw8G1Qw5Mx61vw4Ugao6C0Mo2swc20JU3mwaS0zK1sw2oEG0xo2ewbS1Lw60wr86C13wau0zo7u1rwea&__hs=20208.BP%3ADEFAULT.2.0...0&__hsi=7499189844996815596&__req=4&__rev=1022383845&__s=zhwzqk%3Ada7xmo%3Aizn8lv&__spin_b=trunk&__spin_r=1022383845&__spin_t=1746041198&__user=0&dpr=1&jazoest=21005&lsd=AVoJdqlfp-Y HTTP/1.1" 404 -
2025-05-01 00:26:49.639680 - 404 Not Found (POST): /ajax/bz
2025-05-01 00:26:49.642686 - "POST /ajax/bz?__a=1&__ccg=EXCELLENT&__dyn=7xe6E5aQ1PyUbFp41twpUnwgU6C7UW1DxW0SU1nEhwem0nCq1ewcG0RU2Cw8G1Qw5Mx61vw4Ugao6C0Mo2swc20JU3mwaS0zK1sw2oEG0xo2ewbS1Lw60wr86C13wau0zo7u1rwea&__hs=20208.BP%3ADEFAULT.2.0...0&__hsi=7499189844996815596&__req=5&__rev=1022383845&__s=zhwzqk%3Ada7xmo%3Aizn8lv&__spin_b=trunk&__spin_r=1022383845&__spin_t=1746041198&__user=0&dpr=1&jazoest=21005&lsd=AVoJdqlfp-Y HTTP/1.1" 404 -
2025-05-01 00:26:49.643676 - 404 Not Found (POST): /ajax/bz
2025-05-01 00:26:49.646684 - "POST /ajax/bz?__a=1&__ccg=EXCELLENT&__dyn=7xe6E5aQ1PyUbFp41twpUnwgU6C7UW1DxW0SU1nEhwem0nCq1ewcG0RU2Cw8G1Qw5Mx61vw4Ugao6C0Mo2swc20JU3mwaS0zK1sw2oEG0xo2ewbS1Lw60wr86C13wau0zo7u1rwea&__hs=20208.BP%3ADEFAULT.2.0...0&__hsi=7499189844996815596&__req=6&__rev=1022383845&__s=zhwzqk%3Ada7xmo%3Aizn8lv&__spin_b=trunk&__spin_r=1022383845&__spin_t=1746041198&__user=0&dpr=1&jazoest=21005&lsd=AVoJdqlfp-Y HTTP/1.1" 404 -
2025-05-01 00:26:49.647684 - 404 Not Found (POST): /ajax/bz
2025-05-01 00:26:49.649685 - "POST /ajax/bz?__a=1&__ccg=EXCELLENT&__dyn=7xe6E5aQ1PyUbFp41twpUnwgU6C7UW1DxW0SU1nEhwem0nCq1ewcG0RU2Cw8G1Qw5Mx61vw4Ugao6C0Mo2swc20JU3mwaS0zK1sw2oEG0xo2ewbS1Lw60wr86C13wau0zo7u1rwea&__hs=20208.BP%3ADEFAULT.2.0...0&__hsi=7499189844996815596&__req=7&__rev=1022383845&__s=zhwzqk%3Ada7xmo%3Aizn8lv&__spin_b=trunk&__spin_r=1022383845&__spin_t=1746041198&__user=0&dpr=1&jazoest=21005&lsd=AVoJdqlfp-Y HTTP/1.1" 404 -
2025-05-01 00:26:49.650680 - 404 Not Found (POST): /ajax/bz
2025-05-01 00:26:49.653676 - "POST /ajax/bz?__a=1&__ccg=EXCELLENT&__dyn=7xe6E5aQ1PyUbFp41twpUnwgU6C7UW1DxW0SU1nEhwem0nCq1ewcG0RU2Cw8G1Qw5Mx61vw4Ugao6C0Mo2swc20JU3mwaS0zK1sw2oEG0xo2ewbS1Lw60wr86C13wau0zo7u1rwea&__hs=20208.BP%3ADEFAULT.2.0...0&__hsi=7499189844996815596&__req=8&__rev=1022383845&__s=zhwzqk%3Ada7xmo%3Aizn8lv&__spin_b=trunk&__spin_r=1022383845&__spin_t=1746041198&__user=0&dpr=1&jazoest=21005&lsd=AVoJdqlfp-Y HTTP/1.1" 404 -
2025-05-01 00:26:49.653676 - 404 Not Found (POST): /ajax/bz
2025-05-01 00:26:50.625728 - "GET /proxy?url=https://wikipedia.com HTTP/1.1" 200 -
2025-05-01 00:26:50.640714 - "POST /ajax/bz?__a=1&__ccg=EXCELLENT&__dyn=7xe6E5aQ1PyUbFp41twpUnwgU6C7UW1DxW0SU1nEhwem0nCq1ewcG0RU2Cw8G1Qw5Mx61vw4Ugao6C0Mo2swc20JU3mwaS0zK1sw2oEG0xo2ewbS1Lw60wr86C13wau0zo7u1rwea&__hs=20208.BP%3ADEFAULT.2.0...0&__hsi=7499189844996815596&__req=9&__rev=1022383845&__s=zhwzqk%3Ada7xmo%3Aizn8lv&__spin_b=trunk&__spin_r=1022383845&__spin_t=1746041198&__user=0&dpr=1&jazoest=21005&lsd=AVoJdqlfp-Y HTTP/1.1" 404 -
2025-05-01 00:26:50.641721 - 404 Not Found (POST): /ajax/bz
2025-05-01 00:26:50.952068 - "GET /portal/wikipedia.org/assets/img/Wikipedia-logo-v2.png HTTP/1.1" 404 -
2025-05-01 00:26:50.953066 - 404 Not Found: /portal/wikipedia.org/assets/img/Wikipedia-logo-v2.png
2025-05-01 00:26:50.956064 - "GET /portal/wikipedia.org/assets/js/index-6bf78c58fd.js HTTP/1.1" 404 -
2025-05-01 00:26:50.957066 - 404 Not Found: /portal/wikipedia.org/assets/js/index-6bf78c58fd.js
2025-05-01 00:26:50.982955 - "GET /portal/wikipedia.org/assets/js/gt-ie9-ce3fe8e88d.js HTTP/1.1" 404 -
2025-05-01 00:26:50.983956 - 404 Not Found: /portal/wikipedia.org/assets/js/gt-ie9-ce3fe8e88d.js
2025-05-01 00:26:50.985956 - "GET /portal/wikipedia.org/assets/img/sprite-de847d1a.svg HTTP/1.1" 404 -
2025-05-01 00:26:50.986958 - 404 Not Found: /portal/wikipedia.org/assets/img/sprite-de847d1a.svg
2025-05-01 00:26:51.012955 - "GET /portal/wikipedia.org/assets/img/Wikinews-logo_sister.png HTTP/1.1" 404 -
2025-05-01 00:26:51.013957 - 404 Not Found: /portal/wikipedia.org/assets/img/Wikinews-logo_sister.png
2025-05-01 00:26:51.015953 - "POST /ajax/bz?__a=1&__ccg=EXCELLENT&__dyn=7xe6E5aQ1PyUbFp41twpUnwgU6C7UW1DxW0SU1nEhwem0nCq1ewcG0RU2Cw8G1Qw5Mx61vw4Ugao6C0Mo2swc20JU3mwaS0zK1sw2oEG0xo2ewbS1Lw60wr86C13wau0zo7u1rwea&__hs=20208.BP%3ADEFAULT.2.0...0&__hsi=7499189844996815596&__req=b&__rev=1022383845&__s=zhwzqk%3Ada7xmo%3Aizn8lv&__spin_b=trunk&__spin_r=1022383845&__spin_t=1746041198&__user=0&dpr=1&jazoest=21005&lsd=AVoJdqlfp-Y HTTP/1.1" 404 -
2025-05-01 00:26:51.016951 - 404 Not Found (POST): /ajax/bz
2025-05-01 15:35:47.631618 - "GET / HTTP/1.1" 200 -
2025-05-01 15:35:47.640606 - GET /
2025-05-01 15:35:47.722258 - "GET /static/styles.css HTTP/1.1" 200 -
2025-05-01 15:35:47.722258 - GET /static/styles.css
2025-05-01 15:35:47.807602 - "GET /static/image.png HTTP/1.1" 404 -
2025-05-01 15:35:47.823271 - GET /static/image.png
2025-05-01 15:35:48.052161 - "GET /static/script.js HTTP/1.1" 200 -
2025-05-01 15:35:48.052161 - GET /static/script.js
2025-05-01 15:35:50.220793 - "GET /favicon.ico HTTP/1.1" 404 -
2025-05-01 15:35:50.220793 - 404 Not Found: /favicon.ico
2025-05-01 15:35:52.501868 - POST /submit - Form Data Received: {'name': ['hola']}
2025-05-01 15:35:52.509894 - "POST /submit HTTP/1.1" 200 -
2025-05-01 15:36:36.418125 - "GET /post-proxy HTTP/1.1" 404 -
2025-05-01 15:36:36.426157 - 404 Not Found: /post-proxy
2025-05-01 15:55:43.674283 - "GET /fetch?url=https://wikipedia.com HTTP/1.1" 200 -
2025-05-01 15:55:43.674283 - Fetched external URL: https://wikipedia.com
2025-05-01 15:55:43.732340 - "GET /portal/wikipedia.org/assets/img/Wikipedia-logo-v2.png HTTP/1.1" 404 -
2025-05-01 15:55:43.740341 - 404 Not Found: /portal/wikipedia.org/assets/img/Wikipedia-logo-v2.png
2025-05-01 15:55:43.772345 - "GET /portal/wikipedia.org/assets/js/index-6bf78c58fd.js HTTP/1.1" 404 -
2025-05-01 15:55:43.772345 - 404 Not Found: /portal/wikipedia.org/assets/js/index-6bf78c58fd.js
2025-05-01 15:55:44.607192 - "GET /portal/wikipedia.org/assets/js/gt-ie9-ce3fe8e88d.js HTTP/1.1" 404 -
2025-05-01 15:55:44.607192 - 404 Not Found: /portal/wikipedia.org/assets/js/gt-ie9-ce3fe8e88d.js
2025-05-01 15:55:44.631666 - "GET /portal/wikipedia.org/assets/img/sprite-de847d1a.svg HTTP/1.1" 404 -
2025-05-01 15:55:44.631666 - 404 Not Found: /portal/wikipedia.org/assets/img/sprite-de847d1a.svg
2025-05-01 15:55:44.639684 - "GET /portal/wikipedia.org/assets/img/Wikinews-logo_sister.png HTTP/1.1" 404 -
2025-05-01 15:55:44.639684 - 404 Not Found: /portal/wikipedia.org/assets/img/Wikinews-logo_sister.png
2025-05-01 15:55:46.266791 - "GET /static/favicon/wikipedia.ico HTTP/1.1" 404 -
2025-05-01 15:55:46.266791 - GET /static/favicon/wikipedia.ico
2025-05-01 15:55:55.085333 - "GET /fetch?url=https://snapchat.com HTTP/1.1" 200 -
2025-05-01 15:55:55.085333 - Fetched external URL: https://snapchat.com
2025-05-01 15:56:15.184278 - "GET /fetch?url=https://instagram.com HTTP/1.1" 200 -
2025-05-01 15:56:15.200786 - Fetched external URL: https://instagram.com
2025-05-01 15:56:15.348630 - "POST /ajax/qm/?__a=1&__user=0&__comet_req=7&jazoest=2869 HTTP/1.1" 404 -
2025-05-01 15:56:15.350710 - 404 Not Found (POST): /ajax/qm/
2025-05-01 15:56:16.598722 - "POST /ajax/bz?__a=1&__ccg=GOOD&__comet_req=7&__crn=comet.igweb.PolarisHomeRoute&__d=www&__hs=20209.HYP%3Ainstagram_web_pkg.2.1...0&__hsi=7499429404164736855&__req=1&__rev=1022417048&__s=fqfw0t%3Aqoye6g%3A78expa&__spin_b=trunk&__spin_r=1022417048&__spin_t=1746096975&__user=0&dpr=1&jazoest=2869&lsd=AVrqPIEaC54&ph=C3 HTTP/1.1" 404 -
2025-05-01 15:56:16.598722 - 404 Not Found (POST): /ajax/bz
2025-05-01 15:56:16.598722 - "POST /ajax/bz?__a=1&__ccg=GOOD&__comet_req=7&__crn=comet.igweb.PolarisHomeRoute&__d=www&__hs=20209.HYP%3Ainstagram_web_pkg.2.1...0&__hsi=7499429404164736855&__req=2&__rev=1022417048&__s=fqfw0t%3Aqoye6g%3A78expa&__spin_b=trunk&__spin_r=1022417048&__spin_t=1746096975&__user=0&dpr=1&jazoest=2869&lsd=AVrqPIEaC54&ph=C3 HTTP/1.1" 404 -
2025-05-01 15:56:16.603746 - 404 Not Found (POST): /ajax/bz
2025-05-01 15:56:16.813043 - "POST /api/graphql HTTP/1.1" 404 -
2025-05-01 15:56:16.813043 - 404 Not Found (POST): /api/graphql
2025-05-01 15:56:16.848428 - "POST /api/graphql HTTP/1.1" 404 -
2025-05-01 15:56:16.852944 - 404 Not Found (POST): /api/graphql
2025-05-01 15:56:16.869228 - "GET /data/manifest.json HTTP/1.1" 404 -
2025-05-01 15:56:16.869228 - 404 Not Found: /data/manifest.json
2025-05-01 15:56:16.931919 - "POST /ajax/bulk-route-definitions/ HTTP/1.1" 404 -
2025-05-01 15:56:16.931919 - 404 Not Found (POST): /ajax/bulk-route-definitions/
2025-05-01 15:56:17.092865 - "POST /ajax/bulk-route-definitions/ HTTP/1.1" 404 -
2025-05-01 15:56:17.098457 - 404 Not Found (POST): /ajax/bulk-route-definitions/
2025-05-01 15:56:17.181502 - "POST /ajax/bulk-route-definitions/ HTTP/1.1" 404 -
2025-05-01 15:56:17.181502 - 404 Not Found (POST): /ajax/bulk-route-definitions/
2025-05-01 15:56:17.181502 - "POST /ajax/bz?__a=1&__ccg=GOOD&__comet_req=7&__crn=comet.igweb.PolarisHomeRoute&__d=www&__hs=20209.HYP%3Ainstagram_web_pkg.2.1...0&__hsi=7499429404164736855&__req=8&__rev=1022417048&__s=fqfw0t%3Aqoye6g%3A78expa&__spin_b=trunk&__spin_r=1022417048&__spin_t=1746096975&__user=0&dpr=1&jazoest=2869&lsd=AVrqPIEaC54&ph=C3 HTTP/1.1" 404 -
2025-05-01 15:56:17.181502 - 404 Not Found (POST): /ajax/bz
2025-05-01 15:56:17.273993 - "POST /api/graphql HTTP/1.1" 404 -
2025-05-01 15:56:17.273993 - 404 Not Found (POST): /api/graphql
2025-05-01 15:56:17.300566 - "POST /ajax/bz?__a=1&__ccg=GOOD&__comet_req=7&__crn=comet.igweb.PolarisHomeRoute&__d=www&__hs=20209.HYP%3Ainstagram_web_pkg.2.1...0&__hsi=7499429404164736855&__req=a&__rev=1022417048&__s=fqfw0t%3Aqoye6g%3A78expa&__spin_b=trunk&__spin_r=1022417048&__spin_t=1746096975&__user=0&dpr=1&jazoest=2869&lsd=AVrqPIEaC54&ph=C3 HTTP/1.1" 404 -
2025-05-01 15:56:17.300566 - 404 Not Found (POST): /ajax/bz
2025-05-01 15:56:17.338451 - "GET /images/instagram/xig/homepage/screenshots_v3/instagram-web-lox-image.png HTTP/1.1" 404 -
2025-05-01 15:56:17.338451 - 404 Not Found: /images/instagram/xig/homepage/screenshots_v3/instagram-web-lox-image.png
2025-05-01 15:56:19.965911 - "POST /ajax/bulk-route-definitions/ HTTP/1.1" 404 -
2025-05-01 15:56:19.965911 - 404 Not Found (POST): /ajax/bulk-route-definitions/
2025-05-01 15:56:20.423312 - "POST /ajax/bulk-route-definitions/ HTTP/1.1" 404 -
2025-05-01 15:56:20.427773 - 404 Not Found (POST): /ajax/bulk-route-definitions/
2025-05-01 15:56:20.499122 - "POST /ajax/bulk-route-definitions/ HTTP/1.1" 404 -
2025-05-01 15:56:20.499122 - 404 Not Found (POST): /ajax/bulk-route-definitions/
2025-05-01 15:56:21.871254 - "POST /ajax/bz?__a=1&__ccg=GOOD&__comet_req=7&__crn=comet.igweb.PolarisHomeRoute&__d=www&__hs=20209.HYP%3Ainstagram_web_pkg.2.1...0&__hsi=7499429404164736855&__req=e&__rev=1022417048&__s=fqfw0t%3Aqoye6g%3A78expa&__spin_b=trunk&__spin_r=1022417048&__spin_t=1746096975&__user=0&dpr=1&jazoest=2869&lsd=AVrqPIEaC54&ph=C3 HTTP/1.1" 404 -
2025-05-01 15:56:21.871254 - 404 Not Found (POST): /ajax/bz
2025-05-01 15:56:23.342101 - "POST /ajax/bulk-route-definitions/ HTTP/1.1" 404 -
2025-05-01 15:56:23.342101 - 404 Not Found (POST): /ajax/bulk-route-definitions/
2025-05-01 15:56:57.418192 - "POST /ajax/bz?__a=1&__ccg=GOOD&__comet_req=7&__crn=comet.igweb.PolarisHomeRoute&__d=www&__hs=20209.HYP%3Ainstagram_web_pkg.2.1...0&__hsi=7499429404164736855&__req=m&__rev=1022417048&__s=fqfw0t%3Aqoye6g%3A78expa&__spin_b=trunk&__spin_r=1022417048&__spin_t=1746096975&__user=0&dpr=1&jazoest=2869&lsd=AVrqPIEaC54&ph=C3 HTTP/1.1" 404 -
2025-05-01 15:56:57.418192 - 404 Not Found (POST): /ajax/bz
2025-05-01 15:56:58.050984 - "POST /ajax/bz?__a=1&__ccg=GOOD&__comet_req=7&__crn=comet.igweb.PolarisHomeRoute&__d=www&__hs=20209.HYP%3Ainstagram_web_pkg.2.1...0&__hsi=7499429404164736855&__req=n&__rev=1022417048&__s=fqfw0t%3Aqoye6g%3A78expa&__spin_b=trunk&__spin_r=1022417048&__spin_t=1746096975&__user=0&dpr=1&jazoest=2869&lsd=AVrqPIEaC54&ph=C3 HTTP/1.1" 404 -
2025-05-01 15:56:58.050984 - 404 Not Found (POST): /ajax/bz
2025-05-01 15:56:59.849272 - "GET /fetch?url=https%3A%2F%2Finstagram.com HTTP/1.1" 200 -
2025-05-01 15:56:59.849272 - Fetched external URL: https://instagram.com
2025-05-01 15:56:59.856097 - "POST /ajax/bz?__a=1&__ccg=GOOD&__comet_req=7&__crn=comet.igweb.PolarisHomeRoute&__d=www&__hs=20209.HYP%3Ainstagram_web_pkg.2.1...0&__hsi=7499429404164736855&__req=o&__rev=1022417048&__s=fqfw0t%3Aqoye6g%3A78expa&__spin_b=trunk&__spin_r=1022417048&__spin_t=1746096975&__user=0&dpr=1&jazoest=2869&lsd=AVrqPIEaC54&ph=C3 HTTP/1.1" 404 -
2025-05-01 15:56:59.856097 - 404 Not Found (POST): /ajax/bz
2025-05-01 15:56:59.975720 - "POST /ajax/qm/?__a=1&__user=0&__comet_req=7&jazoest=21021 HTTP/1.1" 404 -
2025-05-01 15:56:59.975720 - 404 Not Found (POST): /ajax/qm/
2025-05-01 15:57:00.731639 - "POST /ajax/bz?__a=1&__ccg=GOOD&__comet_req=7&__crn=comet.igweb.PolarisHomeRoute&__d=www&__hs=20209.HYP%3Ainstagram_web_pkg.2.1...0&__hsi=7499429592687118532&__req=1&__rev=1022417048&__s=fqfw0t%3Aqoye6g%3Auzqcz1&__spin_b=trunk&__spin_r=1022417048&__spin_t=1746097019&__user=0&dpr=1&jazoest=21021&lsd=AVpyu-z0Tjs&ph=C3 HTTP/1.1" 404 -
2025-05-01 15:57:00.735657 - 404 Not Found (POST): /ajax/bz
2025-05-01 15:57:00.735657 - "POST /ajax/bz?__a=1&__ccg=GOOD&__comet_req=7&__crn=comet.igweb.PolarisHomeRoute&__d=www&__hs=20209.HYP%3Ainstagram_web_pkg.2.1...0&__hsi=7499429592687118532&__req=2&__rev=1022417048&__s=fqfw0t%3Aqoye6g%3Auzqcz1&__spin_b=trunk&__spin_r=1022417048&__spin_t=1746097019&__user=0&dpr=1&jazoest=21021&lsd=AVpyu-z0Tjs&ph=C3 HTTP/1.1" 404 -
2025-05-01 15:57:00.735657 - 404 Not Found (POST): /ajax/bz
2025-05-01 15:57:00.830356 - "POST /api/graphql HTTP/1.1" 404 -
2025-05-01 15:57:00.830356 - 404 Not Found (POST): /api/graphql
2025-05-01 15:57:00.830356 - "POST /api/graphql HTTP/1.1" 404 -
2025-05-01 15:57:00.838377 - 404 Not Found (POST): /api/graphql
2025-05-01 15:57:00.838377 - "POST /ajax/bz?__a=1&__ccg=GOOD&__comet_req=7&__crn=comet.igweb.PolarisHomeRoute&__d=www&__hs=20209.HYP%3Ainstagram_web_pkg.2.1...0&__hsi=7499429592687118532&__req=5&__rev=1022417048&__s=fqfw0t%3Aqoye6g%3Auzqcz1&__spin_b=trunk&__spin_r=1022417048&__spin_t=1746097019&__user=0&dpr=1&jazoest=21021&lsd=AVpyu-z0Tjs&ph=C3 HTTP/1.1" 404 -
2025-05-01 15:57:00.838377 - 404 Not Found (POST): /ajax/bz
2025-05-01 15:57:00.838377 - "POST /ajax/bulk-route-definitions/ HTTP/1.1" 404 -
2025-05-01 15:57:00.846378 - 404 Not Found (POST): /ajax/bulk-route-definitions/
2025-05-01 15:57:01.039669 - "POST /ajax/bulk-route-definitions/ HTTP/1.1" 404 -
2025-05-01 15:57:01.039669 - 404 Not Found (POST): /ajax/bulk-route-definitions/
2025-05-01 15:57:01.039669 - "POST /api/graphql HTTP/1.1" 404 -
2025-05-01 15:57:01.039669 - 404 Not Found (POST): /api/graphql
2025-05-01 15:57:01.144456 - "POST /ajax/bulk-route-definitions/ HTTP/1.1" 404 -
2025-05-01 15:57:01.144456 - 404 Not Found (POST): /ajax/bulk-route-definitions/
2025-05-01 15:57:01.144456 - "GET /data/manifest.json HTTP/1.1" 404 -
2025-05-01 15:57:01.144456 - 404 Not Found: /data/manifest.json
2025-05-01 15:57:01.152460 - "GET /images/instagram/xig/homepage/screenshots_v3/instagram-web-lox-image.png HTTP/1.1" 404 -
2025-05-01 15:57:01.152460 - 404 Not Found: /images/instagram/xig/homepage/screenshots_v3/instagram-web-lox-image.png
2025-05-01 15:57:01.437685 - "POST /ajax/bz?__a=1&__ccg=GOOD&__comet_req=7&__crn=comet.igweb.PolarisHomeRoute&__d=www&__hs=20209.HYP%3Ainstagram_web_pkg.2.1...0&__hsi=7499429592687118532&__req=a&__rev=1022417048&__s=fqfw0t%3Aqoye6g%3Auzqcz1&__spin_b=trunk&__spin_r=1022417048&__spin_t=1746097019&__user=0&dpr=1&jazoest=21021&lsd=AVpyu-z0Tjs&ph=C3 HTTP/1.1" 404 -
2025-05-01 15:57:01.437685 - 404 Not Found (POST): /ajax/bz
2025-05-01 15:57:04.226414 - "POST /ajax/bulk-route-definitions/ HTTP/1.1" 404 -
2025-05-01 15:57:04.226414 - 404 Not Found (POST): /ajax/bulk-route-definitions/
2025-05-01 15:57:04.360744 - "POST /ajax/bulk-route-definitions/ HTTP/1.1" 404 -
2025-05-01 15:57:04.363950 - 404 Not Found (POST): /ajax/bulk-route-definitions/
2025-05-01 15:57:04.466074 - "POST /ajax/bulk-route-definitions/ HTTP/1.1" 404 -
2025-05-01 15:57:04.466074 - 404 Not Found (POST): /ajax/bulk-route-definitions/
2025-05-01 15:57:05.118839 - "GET / HTTP/1.1" 200 -
2025-05-01 15:57:05.126847 - GET /
2025-05-01 15:57:05.438583 - "GET /static/styles.css HTTP/1.1" 200 -
2025-05-01 15:57:05.438583 - GET /static/styles.css
2025-05-01 15:57:05.460772 - "GET /static/image.png HTTP/1.1" 404 -
2025-05-01 15:57:05.460772 - GET /static/image.png
2025-05-01 15:57:05.563579 - "GET /static/script.js HTTP/1.1" 200 -
2025-05-01 15:57:05.563579 - GET /static/script.js
2025-05-01 15:57:05.563579 - "POST /ajax/bz?__a=1&__ccg=GOOD&__comet_req=7&__crn=comet.igweb.PolarisHomeRoute&__d=www&__hs=20209.HYP%3Ainstagram_web_pkg.2.1...0&__hsi=7499429592687118532&__req=e&__rev=1022417048&__s=fqfw0t%3Aqoye6g%3Auzqcz1&__spin_b=trunk&__spin_r=1022417048&__spin_t=1746097019&__user=0&dpr=1&jazoest=21021&lsd=AVpyu-z0Tjs&ph=C3 HTTP/1.1" 404 -
2025-05-01 15:57:05.563579 - 404 Not Found (POST): /ajax/bz
2025-05-01 15:57:08.061262 - POST /submit - Form Data Received: {'name': ['hola']}
2025-05-01 15:57:08.063635 - "POST /submit HTTP/1.1" 200 -
